tensorflow-FedAdam-run | INFO flwr 2023-12-01 10:04:04,205 | grpc.py:49 | Opened insecure gRPC connection (no certificates were passed)
tensorflow-FedAdam-run | DEBUG flwr 2023-12-01 10:04:04,207 | connection.py:42 | ChannelConnectivity.IDLE
tensorflow-FedAdam-run | DEBUG flwr 2023-12-01 10:04:04,207 | connection.py:42 | ChannelConnectivity.CONNECTING
tensorflow-FedAdam-run | DEBUG flwr 2023-12-01 10:04:04,223 | connection.py:42 | ChannelConnectivity.READY
tensorflow-FedAdam-run | INFO flwr 2023-12-01 10:05:26,800 | client.py:82 | Instance i-02ec6a8c11ae95383 : CPU usage history during fit() : {'timestamp': datetime.datetime(2023, 12, 1, 10, 5, 26, 800055), 'cpu_utilization': 80.0}
tensorflow-FedAdam-run | INFO flwr 2023-12-01 10:07:31,656 | client.py:104 | Instance i-02ec6a8c11ae95383 : CPU usage history during evaluate() : {'timestamp': datetime.datetime(2023, 12, 1, 10, 7, 31, 655789), 'cpu_utilization': 51.5}
tensorflow-FedAdam-run | INFO flwr 2023-12-01 10:08:14,080 | client.py:82 | Instance i-02ec6a8c11ae95383 : CPU usage history during fit() : {'timestamp': datetime.datetime(2023, 12, 1, 10, 8, 14, 80471), 'cpu_utilization': 79.6}
tensorflow-FedAdam-run | INFO flwr 2023-12-01 10:09:40,460 | client.py:104 | Instance i-02ec6a8c11ae95383 : CPU usage history during evaluate() : {'timestamp': datetime.datetime(2023, 12, 1, 10, 9, 40, 460391), 'cpu_utilization': 98.5}
tensorflow-FedAdam-run | INFO flwr 2023-12-01 10:10:42,728 | client.py:82 | Instance i-02ec6a8c11ae95383 : CPU usage history during fit() : {'timestamp': datetime.datetime(2023, 12, 1, 10, 10, 42, 728353), 'cpu_utilization': 79.1}
tensorflow-FedAdam-run | INFO flwr 2023-12-01 10:12:47,719 | client.py:104 | Instance i-02ec6a8c11ae95383 : CPU usage history during evaluate() : {'timestamp': datetime.datetime(2023, 12, 1, 10, 12, 47, 719262), 'cpu_utilization': 51.4}
tensorflow-FedAdam-run | INFO flwr 2023-12-01 10:13:29,975 | client.py:82 | Instance i-02ec6a8c11ae95383 : CPU usage history during fit() : {'timestamp': datetime.datetime(2023, 12, 1, 10, 13, 29, 975626), 'cpu_utilization': 79.3}
tensorflow-FedAdam-run | INFO flwr 2023-12-01 10:14:40,277 | client.py:104 | Instance i-02ec6a8c11ae95383 : CPU usage history during evaluate() : {'timestamp': datetime.datetime(2023, 12, 1, 10, 14, 40, 277397), 'cpu_utilization': 51.4}
tensorflow-FedAdam-run | INFO flwr 2023-12-01 10:15:22,414 | client.py:82 | Instance i-02ec6a8c11ae95383 : CPU usage history during fit() : {'timestamp': datetime.datetime(2023, 12, 1, 10, 15, 22, 414446), 'cpu_utilization': 79.5}
tensorflow-FedAdam-run | INFO flwr 2023-12-01 10:17:27,500 | client.py:104 | Instance i-02ec6a8c11ae95383 : CPU usage history during evaluate() : {'timestamp': datetime.datetime(2023, 12, 1, 10, 17, 27, 499828), 'cpu_utilization': 51.5}
tensorflow-FedAdam-run | INFO flwr 2023-12-01 10:18:10,008 | client.py:82 | Instance i-02ec6a8c11ae95383 : CPU usage history during fit() : {'timestamp': datetime.datetime(2023, 12, 1, 10, 18, 10, 8151), 'cpu_utilization': 79.3}
tensorflow-FedAdam-run | INFO flwr 2023-12-01 10:19:00,819 | client.py:104 | Instance i-02ec6a8c11ae95383 : CPU usage history during evaluate() : {'timestamp': datetime.datetime(2023, 12, 1, 10, 19, 0, 818765), 'cpu_utilization': 98.2}
tensorflow-FedAdam-run | INFO flwr 2023-12-01 10:20:02,496 | client.py:82 | Instance i-02ec6a8c11ae95383 : CPU usage history during fit() : {'timestamp': datetime.datetime(2023, 12, 1, 10, 20, 2, 496401), 'cpu_utilization': 79.3}
tensorflow-FedAdam-run | INFO flwr 2023-12-01 10:21:32,137 | client.py:104 | Instance i-02ec6a8c11ae95383 : CPU usage history during evaluate() : {'timestamp': datetime.datetime(2023, 12, 1, 10, 21, 32, 137370), 'cpu_utilization': 51.5}
tensorflow-FedAdam-run | INFO flwr 2023-12-01 10:22:14,585 | client.py:82 | Instance i-02ec6a8c11ae95383 : CPU usage history during fit() : {'timestamp': datetime.datetime(2023, 12, 1, 10, 22, 14, 585177), 'cpu_utilization': 79.3}
tensorflow-FedAdam-run | INFO flwr 2023-12-01 10:23:05,391 | client.py:104 | Instance i-02ec6a8c11ae95383 : CPU usage history during evaluate() : {'timestamp': datetime.datetime(2023, 12, 1, 10, 23, 5, 391146), 'cpu_utilization': 98.2}
tensorflow-FedAdam-run | INFO flwr 2023-12-01 10:24:04,604 | client.py:82 | Instance i-02ec6a8c11ae95383 : CPU usage history during fit() : {'timestamp': datetime.datetime(2023, 12, 1, 10, 24, 4, 604348), 'cpu_utilization': 85.6}
tensorflow-FedAdam-run | INFO flwr 2023-12-01 10:25:52,989 | client.py:104 | Instance i-02ec6a8c11ae95383 : CPU usage history during evaluate() : {'timestamp': datetime.datetime(2023, 12, 1, 10, 25, 52, 989265), 'cpu_utilization': 98.2}
tensorflow-FedAdam-run | INFO flwr 2023-12-01 10:26:54,164 | client.py:82 | Instance i-02ec6a8c11ae95383 : CPU usage history during fit() : {'timestamp': datetime.datetime(2023, 12, 1, 10, 26, 54, 164539), 'cpu_utilization': 80.6}
tensorflow-FedAdam-run | INFO flwr 2023-12-01 10:28:58,877 | client.py:104 | Instance i-02ec6a8c11ae95383 : CPU usage history during evaluate() : {'timestamp': datetime.datetime(2023, 12, 1, 10, 28, 58, 877115), 'cpu_utilization': 51.6}
tensorflow-FedAdam-run | DEBUG flwr 2023-12-01 10:29:00,012 | connection.py:139 | gRPC channel closed
tensorflow-FedAdam-run | INFO flwr 2023-12-01 10:29:00,012 | app.py:215 | Disconnect and shut down
