tensorflow-FedAvgM-run | INFO flwr 2023-12-01 21:15:13,846 | grpc.py:49 | Opened insecure gRPC connection (no certificates were passed)
tensorflow-FedAvgM-run | DEBUG flwr 2023-12-01 21:15:13,848 | connection.py:42 | ChannelConnectivity.IDLE
tensorflow-FedAvgM-run | DEBUG flwr 2023-12-01 21:15:13,848 | connection.py:42 | ChannelConnectivity.CONNECTING
tensorflow-FedAvgM-run | DEBUG flwr 2023-12-01 21:15:13,867 | connection.py:42 | ChannelConnectivity.TRANSIENT_FAILURE
tensorflow-FedAvgM-run | DEBUG flwr 2023-12-01 21:15:14,070 | connection.py:139 | gRPC channel closed
tensorflow-FedAvgM-run | INFO flwr 2023-12-01 21:15:24,071 | grpc.py:49 | Opened insecure gRPC connection (no certificates were passed)
tensorflow-FedAvgM-run | INFO flwr 2023-12-01 21:15:24,071 | grpc.py:49 | Opened insecure gRPC connection (no certificates were passed)
tensorflow-FedAvgM-run | DEBUG flwr 2023-12-01 21:15:24,100 | connection.py:42 | ChannelConnectivity.IDLE
tensorflow-FedAvgM-run | DEBUG flwr 2023-12-01 21:15:24,100 | connection.py:42 | ChannelConnectivity.IDLE
tensorflow-FedAvgM-run | DEBUG flwr 2023-12-01 21:15:24,101 | connection.py:42 | ChannelConnectivity.CONNECTING
tensorflow-FedAvgM-run | DEBUG flwr 2023-12-01 21:15:24,101 | connection.py:42 | ChannelConnectivity.CONNECTING
tensorflow-FedAvgM-run | DEBUG flwr 2023-12-01 21:15:24,102 | connection.py:42 | ChannelConnectivity.READY
tensorflow-FedAvgM-run | DEBUG flwr 2023-12-01 21:15:24,102 | connection.py:42 | ChannelConnectivity.READY
tensorflow-FedAvgM-run | INFO flwr 2023-12-01 21:16:36,378 | client.py:82 | Instance i-03b634bf46b6e923b : CPU usage history during fit() : {'timestamp': datetime.datetime(2023, 12, 1, 21, 16, 36, 378152), 'cpu_utilization': 48.3}
tensorflow-FedAvgM-run | INFO flwr 2023-12-01 21:16:36,378 | client.py:82 | Instance i-03b634bf46b6e923b : CPU usage history during fit() : {'timestamp': datetime.datetime(2023, 12, 1, 21, 16, 36, 378152), 'cpu_utilization': 48.3}
tensorflow-FedAvgM-run | INFO flwr 2023-12-01 21:17:46,354 | client.py:104 | Instance i-03b634bf46b6e923b : CPU usage history during evaluate() : {'timestamp': datetime.datetime(2023, 12, 1, 21, 17, 46, 353791), 'cpu_utilization': 98.3}
tensorflow-FedAvgM-run | INFO flwr 2023-12-01 21:17:46,354 | client.py:104 | Instance i-03b634bf46b6e923b : CPU usage history during evaluate() : {'timestamp': datetime.datetime(2023, 12, 1, 21, 17, 46, 353791), 'cpu_utilization': 98.3}
tensorflow-FedAvgM-run | INFO flwr 2023-12-01 21:19:31,790 | client.py:82 | Instance i-03b634bf46b6e923b : CPU usage history during fit() : {'timestamp': datetime.datetime(2023, 12, 1, 21, 19, 31, 790698), 'cpu_utilization': 47.7}
tensorflow-FedAvgM-run | INFO flwr 2023-12-01 21:19:31,790 | client.py:82 | Instance i-03b634bf46b6e923b : CPU usage history during fit() : {'timestamp': datetime.datetime(2023, 12, 1, 21, 19, 31, 790698), 'cpu_utilization': 47.7}
tensorflow-FedAvgM-run | INFO flwr 2023-12-01 21:20:35,863 | client.py:104 | Instance i-03b634bf46b6e923b : CPU usage history during evaluate() : {'timestamp': datetime.datetime(2023, 12, 1, 21, 20, 35, 863513), 'cpu_utilization': 98.7}
tensorflow-FedAvgM-run | INFO flwr 2023-12-01 21:20:35,863 | client.py:104 | Instance i-03b634bf46b6e923b : CPU usage history during evaluate() : {'timestamp': datetime.datetime(2023, 12, 1, 21, 20, 35, 863513), 'cpu_utilization': 98.7}
tensorflow-FedAvgM-run | INFO flwr 2023-12-01 21:22:01,203 | client.py:82 | Instance i-03b634bf46b6e923b : CPU usage history during fit() : {'timestamp': datetime.datetime(2023, 12, 1, 21, 22, 1, 203706), 'cpu_utilization': 48.6}
tensorflow-FedAvgM-run | INFO flwr 2023-12-01 21:22:01,203 | client.py:82 | Instance i-03b634bf46b6e923b : CPU usage history during fit() : {'timestamp': datetime.datetime(2023, 12, 1, 21, 22, 1, 203706), 'cpu_utilization': 48.6}
tensorflow-FedAvgM-run | INFO flwr 2023-12-01 21:23:50,849 | client.py:104 | Instance i-03b634bf46b6e923b : CPU usage history during evaluate() : {'timestamp': datetime.datetime(2023, 12, 1, 21, 23, 50, 848766), 'cpu_utilization': 51.3}
tensorflow-FedAvgM-run | INFO flwr 2023-12-01 21:23:50,849 | client.py:104 | Instance i-03b634bf46b6e923b : CPU usage history during evaluate() : {'timestamp': datetime.datetime(2023, 12, 1, 21, 23, 50, 848766), 'cpu_utilization': 51.3}
tensorflow-FedAvgM-run | INFO flwr 2023-12-01 21:24:19,566 | client.py:82 | Instance i-03b634bf46b6e923b : CPU usage history during fit() : {'timestamp': datetime.datetime(2023, 12, 1, 21, 24, 19, 566584), 'cpu_utilization': 85.1}
tensorflow-FedAvgM-run | INFO flwr 2023-12-01 21:24:19,566 | client.py:82 | Instance i-03b634bf46b6e923b : CPU usage history during fit() : {'timestamp': datetime.datetime(2023, 12, 1, 21, 24, 19, 566584), 'cpu_utilization': 85.1}
tensorflow-FedAvgM-run | INFO flwr 2023-12-01 21:26:05,998 | client.py:104 | Instance i-03b634bf46b6e923b : CPU usage history during evaluate() : {'timestamp': datetime.datetime(2023, 12, 1, 21, 26, 5, 998346), 'cpu_utilization': 98.2}
tensorflow-FedAvgM-run | INFO flwr 2023-12-01 21:26:05,998 | client.py:104 | Instance i-03b634bf46b6e923b : CPU usage history during evaluate() : {'timestamp': datetime.datetime(2023, 12, 1, 21, 26, 5, 998346), 'cpu_utilization': 98.2}
tensorflow-FedAvgM-run | INFO flwr 2023-12-01 21:27:36,402 | client.py:82 | Instance i-03b634bf46b6e923b : CPU usage history during fit() : {'timestamp': datetime.datetime(2023, 12, 1, 21, 27, 36, 402608), 'cpu_utilization': 85.1}
tensorflow-FedAvgM-run | INFO flwr 2023-12-01 21:27:36,402 | client.py:82 | Instance i-03b634bf46b6e923b : CPU usage history during fit() : {'timestamp': datetime.datetime(2023, 12, 1, 21, 27, 36, 402608), 'cpu_utilization': 85.1}
tensorflow-FedAvgM-run | INFO flwr 2023-12-01 21:29:22,274 | client.py:104 | Instance i-03b634bf46b6e923b : CPU usage history during evaluate() : {'timestamp': datetime.datetime(2023, 12, 1, 21, 29, 22, 274334), 'cpu_utilization': 51.3}
tensorflow-FedAvgM-run | INFO flwr 2023-12-01 21:29:22,274 | client.py:104 | Instance i-03b634bf46b6e923b : CPU usage history during evaluate() : {'timestamp': datetime.datetime(2023, 12, 1, 21, 29, 22, 274334), 'cpu_utilization': 51.3}
tensorflow-FedAvgM-run | INFO flwr 2023-12-01 21:30:03,903 | client.py:82 | Instance i-03b634bf46b6e923b : CPU usage history during fit() : {'timestamp': datetime.datetime(2023, 12, 1, 21, 30, 3, 903363), 'cpu_utilization': 48.7}
tensorflow-FedAvgM-run | INFO flwr 2023-12-01 21:30:03,903 | client.py:82 | Instance i-03b634bf46b6e923b : CPU usage history during fit() : {'timestamp': datetime.datetime(2023, 12, 1, 21, 30, 3, 903363), 'cpu_utilization': 48.7}
tensorflow-FedAvgM-run | INFO flwr 2023-12-01 21:31:33,442 | client.py:104 | Instance i-03b634bf46b6e923b : CPU usage history during evaluate() : {'timestamp': datetime.datetime(2023, 12, 1, 21, 31, 33, 442259), 'cpu_utilization': 98.4}
tensorflow-FedAvgM-run | INFO flwr 2023-12-01 21:31:33,442 | client.py:104 | Instance i-03b634bf46b6e923b : CPU usage history during evaluate() : {'timestamp': datetime.datetime(2023, 12, 1, 21, 31, 33, 442259), 'cpu_utilization': 98.4}
tensorflow-FedAvgM-run | INFO flwr 2023-12-01 21:33:23,814 | client.py:82 | Instance i-03b634bf46b6e923b : CPU usage history during fit() : {'timestamp': datetime.datetime(2023, 12, 1, 21, 33, 23, 814468), 'cpu_utilization': 48.8}
tensorflow-FedAvgM-run | INFO flwr 2023-12-01 21:33:23,814 | client.py:82 | Instance i-03b634bf46b6e923b : CPU usage history during fit() : {'timestamp': datetime.datetime(2023, 12, 1, 21, 33, 23, 814468), 'cpu_utilization': 48.8}
tensorflow-FedAvgM-run | INFO flwr 2023-12-01 21:34:28,477 | client.py:104 | Instance i-03b634bf46b6e923b : CPU usage history during evaluate() : {'timestamp': datetime.datetime(2023, 12, 1, 21, 34, 28, 477587), 'cpu_utilization': 51.5}
tensorflow-FedAvgM-run | INFO flwr 2023-12-01 21:34:28,477 | client.py:104 | Instance i-03b634bf46b6e923b : CPU usage history during evaluate() : {'timestamp': datetime.datetime(2023, 12, 1, 21, 34, 28, 477587), 'cpu_utilization': 51.5}
tensorflow-FedAvgM-run | INFO flwr 2023-12-01 21:35:58,180 | client.py:82 | Instance i-03b634bf46b6e923b : CPU usage history during fit() : {'timestamp': datetime.datetime(2023, 12, 1, 21, 35, 58, 180411), 'cpu_utilization': 48.6}
tensorflow-FedAvgM-run | INFO flwr 2023-12-01 21:35:58,180 | client.py:82 | Instance i-03b634bf46b6e923b : CPU usage history during fit() : {'timestamp': datetime.datetime(2023, 12, 1, 21, 35, 58, 180411), 'cpu_utilization': 48.6}
tensorflow-FedAvgM-run | INFO flwr 2023-12-01 21:36:44,225 | client.py:104 | Instance i-03b634bf46b6e923b : CPU usage history during evaluate() : {'timestamp': datetime.datetime(2023, 12, 1, 21, 36, 44, 224773), 'cpu_utilization': 98.4}
tensorflow-FedAvgM-run | INFO flwr 2023-12-01 21:36:44,225 | client.py:104 | Instance i-03b634bf46b6e923b : CPU usage history during evaluate() : {'timestamp': datetime.datetime(2023, 12, 1, 21, 36, 44, 224773), 'cpu_utilization': 98.4}
tensorflow-FedAvgM-run | INFO flwr 2023-12-01 21:38:07,556 | client.py:82 | Instance i-03b634bf46b6e923b : CPU usage history during fit() : {'timestamp': datetime.datetime(2023, 12, 1, 21, 38, 7, 556480), 'cpu_utilization': 49.0}
tensorflow-FedAvgM-run | INFO flwr 2023-12-01 21:38:07,556 | client.py:82 | Instance i-03b634bf46b6e923b : CPU usage history during fit() : {'timestamp': datetime.datetime(2023, 12, 1, 21, 38, 7, 556480), 'cpu_utilization': 49.0}
tensorflow-FedAvgM-run | INFO flwr 2023-12-01 21:40:29,667 | client.py:104 | Instance i-03b634bf46b6e923b : CPU usage history during evaluate() : {'timestamp': datetime.datetime(2023, 12, 1, 21, 40, 29, 667388), 'cpu_utilization': 51.9}
tensorflow-FedAvgM-run | INFO flwr 2023-12-01 21:40:29,667 | client.py:104 | Instance i-03b634bf46b6e923b : CPU usage history during evaluate() : {'timestamp': datetime.datetime(2023, 12, 1, 21, 40, 29, 667388), 'cpu_utilization': 51.9}
tensorflow-FedAvgM-run | INFO flwr 2023-12-01 21:41:37,285 | client.py:82 | Instance i-03b634bf46b6e923b : CPU usage history during fit() : {'timestamp': datetime.datetime(2023, 12, 1, 21, 41, 37, 285137), 'cpu_utilization': 49.5}
tensorflow-FedAvgM-run | INFO flwr 2023-12-01 21:41:37,285 | client.py:82 | Instance i-03b634bf46b6e923b : CPU usage history during fit() : {'timestamp': datetime.datetime(2023, 12, 1, 21, 41, 37, 285137), 'cpu_utilization': 49.5}
tensorflow-FedAvgM-run | INFO flwr 2023-12-01 21:42:42,723 | client.py:104 | Instance i-03b634bf46b6e923b : CPU usage history during evaluate() : {'timestamp': datetime.datetime(2023, 12, 1, 21, 42, 42, 723701), 'cpu_utilization': 51.3}
tensorflow-FedAvgM-run | INFO flwr 2023-12-01 21:42:42,723 | client.py:104 | Instance i-03b634bf46b6e923b : CPU usage history during evaluate() : {'timestamp': datetime.datetime(2023, 12, 1, 21, 42, 42, 723701), 'cpu_utilization': 51.3}
tensorflow-FedAvgM-run | DEBUG flwr 2023-12-01 21:43:05,407 | connection.py:139 | gRPC channel closed
tensorflow-FedAvgM-run | DEBUG flwr 2023-12-01 21:43:05,407 | connection.py:139 | gRPC channel closed
tensorflow-FedAvgM-run | INFO flwr 2023-12-01 21:43:05,407 | app.py:215 | Disconnect and shut down
tensorflow-FedAvgM-run | INFO flwr 2023-12-01 21:43:05,407 | app.py:215 | Disconnect and shut down
