tensorflow-FedAvg-run | INFO flwr 2023-12-01 20:48:38,181 | grpc.py:49 | Opened insecure gRPC connection (no certificates were passed)
tensorflow-FedAvg-run | DEBUG flwr 2023-12-01 20:48:38,198 | connection.py:42 | ChannelConnectivity.IDLE
tensorflow-FedAvg-run | DEBUG flwr 2023-12-01 20:48:38,199 | connection.py:42 | ChannelConnectivity.READY
tensorflow-FedAvg-run | INFO flwr 2023-12-01 20:49:16,036 | client.py:82 | Instance i-03b634bf46b6e923b : CPU usage history during fit() : {'timestamp': datetime.datetime(2023, 12, 1, 20, 49, 16, 36245), 'cpu_utilization': 82.6}
tensorflow-FedAvg-run | INFO flwr 2023-12-01 20:50:41,938 | client.py:104 | Instance i-03b634bf46b6e923b : CPU usage history during evaluate() : {'timestamp': datetime.datetime(2023, 12, 1, 20, 50, 41, 938111), 'cpu_utilization': 97.7}
tensorflow-FedAvg-run | INFO flwr 2023-12-01 20:51:30,210 | client.py:82 | Instance i-03b634bf46b6e923b : CPU usage history during fit() : {'timestamp': datetime.datetime(2023, 12, 1, 20, 51, 30, 209784), 'cpu_utilization': 85.3}
tensorflow-FedAvg-run | INFO flwr 2023-12-01 20:53:33,101 | client.py:104 | Instance i-03b634bf46b6e923b : CPU usage history during evaluate() : {'timestamp': datetime.datetime(2023, 12, 1, 20, 53, 33, 100796), 'cpu_utilization': 98.7}
tensorflow-FedAvg-run | INFO flwr 2023-12-01 20:54:57,091 | client.py:82 | Instance i-03b634bf46b6e923b : CPU usage history during fit() : {'timestamp': datetime.datetime(2023, 12, 1, 20, 54, 57, 90885), 'cpu_utilization': 50.0}
tensorflow-FedAvg-run | INFO flwr 2023-12-01 20:56:24,416 | client.py:104 | Instance i-03b634bf46b6e923b : CPU usage history during evaluate() : {'timestamp': datetime.datetime(2023, 12, 1, 20, 56, 24, 415810), 'cpu_utilization': 51.5}
tensorflow-FedAvg-run | INFO flwr 2023-12-01 20:57:29,314 | client.py:82 | Instance i-03b634bf46b6e923b : CPU usage history during fit() : {'timestamp': datetime.datetime(2023, 12, 1, 20, 57, 29, 314738), 'cpu_utilization': 49.2}
tensorflow-FedAvg-run | INFO flwr 2023-12-01 20:58:39,036 | client.py:104 | Instance i-03b634bf46b6e923b : CPU usage history during evaluate() : {'timestamp': datetime.datetime(2023, 12, 1, 20, 58, 39, 35887), 'cpu_utilization': 98.7}
tensorflow-FedAvg-run | INFO flwr 2023-12-01 21:00:03,806 | client.py:82 | Instance i-03b634bf46b6e923b : CPU usage history during fit() : {'timestamp': datetime.datetime(2023, 12, 1, 21, 0, 3, 806710), 'cpu_utilization': 48.7}
tensorflow-FedAvg-run | INFO flwr 2023-12-01 21:01:31,699 | client.py:104 | Instance i-03b634bf46b6e923b : CPU usage history during evaluate() : {'timestamp': datetime.datetime(2023, 12, 1, 21, 1, 31, 698773), 'cpu_utilization': 51.7}
tensorflow-FedAvg-run | INFO flwr 2023-12-01 21:02:42,577 | client.py:82 | Instance i-03b634bf46b6e923b : CPU usage history during fit() : {'timestamp': datetime.datetime(2023, 12, 1, 21, 2, 42, 577480), 'cpu_utilization': 85.1}
tensorflow-FedAvg-run | INFO flwr 2023-12-01 21:03:25,546 | client.py:104 | Instance i-03b634bf46b6e923b : CPU usage history during evaluate() : {'timestamp': datetime.datetime(2023, 12, 1, 21, 3, 25, 545810), 'cpu_utilization': 98.3}
tensorflow-FedAvg-run | INFO flwr 2023-12-01 21:04:31,725 | client.py:82 | Instance i-03b634bf46b6e923b : CPU usage history during fit() : {'timestamp': datetime.datetime(2023, 12, 1, 21, 4, 31, 725553), 'cpu_utilization': 85.3}
tensorflow-FedAvg-run | INFO flwr 2023-12-01 21:06:37,512 | client.py:104 | Instance i-03b634bf46b6e923b : CPU usage history during evaluate() : {'timestamp': datetime.datetime(2023, 12, 1, 21, 6, 37, 512538), 'cpu_utilization': 51.7}
tensorflow-FedAvg-run | INFO flwr 2023-12-01 21:07:25,245 | client.py:82 | Instance i-03b634bf46b6e923b : CPU usage history during fit() : {'timestamp': datetime.datetime(2023, 12, 1, 21, 7, 25, 245338), 'cpu_utilization': 85.1}
tensorflow-FedAvg-run | INFO flwr 2023-12-01 21:09:15,316 | client.py:104 | Instance i-03b634bf46b6e923b : CPU usage history during evaluate() : {'timestamp': datetime.datetime(2023, 12, 1, 21, 9, 15, 316389), 'cpu_utilization': 98.6}
tensorflow-FedAvg-run | INFO flwr 2023-12-01 21:10:42,610 | client.py:82 | Instance i-03b634bf46b6e923b : CPU usage history during fit() : {'timestamp': datetime.datetime(2023, 12, 1, 21, 10, 42, 610507), 'cpu_utilization': 49.0}
tensorflow-FedAvg-run | INFO flwr 2023-12-01 21:11:46,323 | client.py:104 | Instance i-03b634bf46b6e923b : CPU usage history during evaluate() : {'timestamp': datetime.datetime(2023, 12, 1, 21, 11, 46, 323322), 'cpu_utilization': 98.5}
tensorflow-FedAvg-run | INFO flwr 2023-12-01 21:13:09,239 | client.py:82 | Instance i-03b634bf46b6e923b : CPU usage history during fit() : {'timestamp': datetime.datetime(2023, 12, 1, 21, 13, 9, 238884), 'cpu_utilization': 48.0}
tensorflow-FedAvg-run | INFO flwr 2023-12-01 21:15:09,098 | client.py:104 | Instance i-03b634bf46b6e923b : CPU usage history during evaluate() : {'timestamp': datetime.datetime(2023, 12, 1, 21, 15, 9, 97960), 'cpu_utilization': 50.1}
tensorflow-FedAvg-run | DEBUG flwr 2023-12-01 21:15:13,688 | connection.py:139 | gRPC channel closed
tensorflow-FedAvg-run | INFO flwr 2023-12-01 21:15:13,689 | app.py:215 | Disconnect and shut down
