tensorflow-FedAdam-run | INFO flwr 2023-12-01 22:11:10,395 | grpc.py:49 | Opened insecure gRPC connection (no certificates were passed)
tensorflow-FedAdam-run | DEBUG flwr 2023-12-01 22:11:10,400 | connection.py:42 | ChannelConnectivity.IDLE
tensorflow-FedAdam-run | DEBUG flwr 2023-12-01 22:11:10,404 | connection.py:42 | ChannelConnectivity.READY
tensorflow-FedAdam-run | INFO flwr 2023-12-01 22:12:16,769 | client.py:82 | Instance i-03677de65ff3a5650 : CPU usage history during fit() : {'timestamp': datetime.datetime(2023, 12, 1, 22, 12, 16, 769575), 'cpu_utilization': 85.2}
tensorflow-FedAdam-run | INFO flwr 2023-12-01 22:14:22,367 | client.py:104 | Instance i-03677de65ff3a5650 : CPU usage history during evaluate() : {'timestamp': datetime.datetime(2023, 12, 1, 22, 14, 22, 367609), 'cpu_utilization': 53.7}
tensorflow-FedAdam-run | INFO flwr 2023-12-01 22:15:27,192 | client.py:82 | Instance i-03677de65ff3a5650 : CPU usage history during fit() : {'timestamp': datetime.datetime(2023, 12, 1, 22, 15, 27, 191951), 'cpu_utilization': 51.6}
tensorflow-FedAdam-run | INFO flwr 2023-12-01 22:16:54,285 | client.py:104 | Instance i-03677de65ff3a5650 : CPU usage history during evaluate() : {'timestamp': datetime.datetime(2023, 12, 1, 22, 16, 54, 285113), 'cpu_utilization': 98.3}
tensorflow-FedAdam-run | INFO flwr 2023-12-01 22:18:18,566 | client.py:82 | Instance i-03677de65ff3a5650 : CPU usage history during fit() : {'timestamp': datetime.datetime(2023, 12, 1, 22, 18, 18, 566707), 'cpu_utilization': 49.6}
tensorflow-FedAdam-run | INFO flwr 2023-12-01 22:19:39,062 | client.py:104 | Instance i-03677de65ff3a5650 : CPU usage history during evaluate() : {'timestamp': datetime.datetime(2023, 12, 1, 22, 19, 39, 62329), 'cpu_utilization': 98.3}
tensorflow-FedAdam-run | INFO flwr 2023-12-01 22:21:03,688 | client.py:82 | Instance i-03677de65ff3a5650 : CPU usage history during fit() : {'timestamp': datetime.datetime(2023, 12, 1, 22, 21, 3, 687923), 'cpu_utilization': 51.1}
tensorflow-FedAdam-run | INFO flwr 2023-12-01 22:22:32,770 | client.py:104 | Instance i-03677de65ff3a5650 : CPU usage history during evaluate() : {'timestamp': datetime.datetime(2023, 12, 1, 22, 22, 32, 770675), 'cpu_utilization': 98.5}
tensorflow-FedAdam-run | INFO flwr 2023-12-01 22:23:37,949 | client.py:82 | Instance i-03677de65ff3a5650 : CPU usage history during fit() : {'timestamp': datetime.datetime(2023, 12, 1, 22, 23, 37, 948836), 'cpu_utilization': 51.1}
tensorflow-FedAdam-run | INFO flwr 2023-12-01 22:25:42,702 | client.py:104 | Instance i-03677de65ff3a5650 : CPU usage history during evaluate() : {'timestamp': datetime.datetime(2023, 12, 1, 22, 25, 42, 702371), 'cpu_utilization': 52.0}
tensorflow-FedAdam-run | INFO flwr 2023-12-01 22:26:47,002 | client.py:82 | Instance i-03677de65ff3a5650 : CPU usage history during fit() : {'timestamp': datetime.datetime(2023, 12, 1, 22, 26, 47, 2063), 'cpu_utilization': 50.9}
tensorflow-FedAdam-run | INFO flwr 2023-12-01 22:28:32,952 | client.py:104 | Instance i-03677de65ff3a5650 : CPU usage history during evaluate() : {'timestamp': datetime.datetime(2023, 12, 1, 22, 28, 32, 952172), 'cpu_utilization': 98.6}
tensorflow-FedAdam-run | INFO flwr 2023-12-01 22:29:40,186 | client.py:82 | Instance i-03677de65ff3a5650 : CPU usage history during fit() : {'timestamp': datetime.datetime(2023, 12, 1, 22, 29, 40, 185944), 'cpu_utilization': 85.9}
tensorflow-FedAdam-run | INFO flwr 2023-12-01 22:31:25,183 | client.py:104 | Instance i-03677de65ff3a5650 : CPU usage history during evaluate() : {'timestamp': datetime.datetime(2023, 12, 1, 22, 31, 25, 183100), 'cpu_utilization': 98.7}
tensorflow-FedAdam-run | INFO flwr 2023-12-01 22:32:32,272 | client.py:82 | Instance i-03677de65ff3a5650 : CPU usage history during fit() : {'timestamp': datetime.datetime(2023, 12, 1, 22, 32, 32, 271839), 'cpu_utilization': 86.1}
tensorflow-FedAdam-run | INFO flwr 2023-12-01 22:34:23,404 | client.py:104 | Instance i-03677de65ff3a5650 : CPU usage history during evaluate() : {'timestamp': datetime.datetime(2023, 12, 1, 22, 34, 23, 395220), 'cpu_utilization': 98.4}
tensorflow-FedAdam-run | INFO flwr 2023-12-01 22:35:05,639 | client.py:82 | Instance i-03677de65ff3a5650 : CPU usage history during fit() : {'timestamp': datetime.datetime(2023, 12, 1, 22, 35, 5, 639736), 'cpu_utilization': 49.5}
tensorflow-FedAdam-run | INFO flwr 2023-12-01 22:36:53,462 | client.py:104 | Instance i-03677de65ff3a5650 : CPU usage history during evaluate() : {'timestamp': datetime.datetime(2023, 12, 1, 22, 36, 53, 462390), 'cpu_utilization': 51.1}
tensorflow-FedAdam-run | INFO flwr 2023-12-01 22:37:39,926 | client.py:82 | Instance i-03677de65ff3a5650 : CPU usage history during fit() : {'timestamp': datetime.datetime(2023, 12, 1, 22, 37, 39, 926278), 'cpu_utilization': 49.6}
tensorflow-FedAdam-run | INFO flwr 2023-12-01 22:39:23,258 | client.py:104 | Instance i-03677de65ff3a5650 : CPU usage history during evaluate() : {'timestamp': datetime.datetime(2023, 12, 1, 22, 39, 23, 258608), 'cpu_utilization': 98.6}
tensorflow-FedAdam-run | DEBUG flwr 2023-12-01 22:39:43,537 | connection.py:139 | gRPC channel closed
tensorflow-FedAdam-run | INFO flwr 2023-12-01 22:39:43,538 | app.py:215 | Disconnect and shut down
