jax-FedAdaGrad-run | INFO flwr 2023-11-26 13:50:44,074 | grpc.py:49 | Opened insecure gRPC connection (no certificates were passed)
jax-FedAdaGrad-run | DEBUG flwr 2023-11-26 13:50:44,079 | connection.py:42 | ChannelConnectivity.IDLE
jax-FedAdaGrad-run | DEBUG flwr 2023-11-26 13:50:44,083 | connection.py:42 | ChannelConnectivity.CONNECTING
jax-FedAdaGrad-run | DEBUG flwr 2023-11-26 13:50:44,083 | connection.py:42 | ChannelConnectivity.TRANSIENT_FAILURE
jax-FedAdaGrad-run | DEBUG flwr 2023-11-26 13:50:44,284 | connection.py:139 | gRPC channel closed
jax-FedAdaGrad-run | INFO flwr 2023-11-26 13:50:54,295 | grpc.py:49 | Opened insecure gRPC connection (no certificates were passed)
jax-FedAdaGrad-run | INFO flwr 2023-11-26 13:50:54,295 | grpc.py:49 | Opened insecure gRPC connection (no certificates were passed)
jax-FedAdaGrad-run | DEBUG flwr 2023-11-26 13:50:54,324 | connection.py:42 | ChannelConnectivity.IDLE
jax-FedAdaGrad-run | DEBUG flwr 2023-11-26 13:50:54,324 | connection.py:42 | ChannelConnectivity.IDLE
jax-FedAdaGrad-run | DEBUG flwr 2023-11-26 13:50:54,325 | connection.py:42 | ChannelConnectivity.READY
jax-FedAdaGrad-run | DEBUG flwr 2023-11-26 13:50:54,325 | connection.py:42 | ChannelConnectivity.READY
jax-FedAdaGrad-run | INFO flwr 2023-11-26 13:52:06,639 | client.py:82 | Instance i-092e36790e6beffcc : CPU usage history during fit() : {'timestamp': datetime.datetime(2023, 11, 26, 13, 52, 6, 639086), 'cpu_utilization': 87.3}
jax-FedAdaGrad-run | INFO flwr 2023-11-26 13:52:06,639 | client.py:82 | Instance i-092e36790e6beffcc : CPU usage history during fit() : {'timestamp': datetime.datetime(2023, 11, 26, 13, 52, 6, 639086), 'cpu_utilization': 87.3}
jax-FedAdaGrad-run | INFO flwr 2023-11-26 13:53:30,500 | client.py:104 | Instance i-092e36790e6beffcc : CPU usage history during evaluate() : {'timestamp': datetime.datetime(2023, 11, 26, 13, 53, 30, 500641), 'cpu_utilization': 77.0}
jax-FedAdaGrad-run | INFO flwr 2023-11-26 13:53:30,500 | client.py:104 | Instance i-092e36790e6beffcc : CPU usage history during evaluate() : {'timestamp': datetime.datetime(2023, 11, 26, 13, 53, 30, 500641), 'cpu_utilization': 77.0}
jax-FedAdaGrad-run | INFO flwr 2023-11-26 13:54:31,773 | client.py:82 | Instance i-092e36790e6beffcc : CPU usage history during fit() : {'timestamp': datetime.datetime(2023, 11, 26, 13, 54, 31, 773795), 'cpu_utilization': 87.3}
jax-FedAdaGrad-run | INFO flwr 2023-11-26 13:54:31,773 | client.py:82 | Instance i-092e36790e6beffcc : CPU usage history during fit() : {'timestamp': datetime.datetime(2023, 11, 26, 13, 54, 31, 773795), 'cpu_utilization': 87.3}
jax-FedAdaGrad-run | INFO flwr 2023-11-26 13:55:55,677 | client.py:104 | Instance i-092e36790e6beffcc : CPU usage history during evaluate() : {'timestamp': datetime.datetime(2023, 11, 26, 13, 55, 55, 676962), 'cpu_utilization': 76.0}
jax-FedAdaGrad-run | INFO flwr 2023-11-26 13:55:55,677 | client.py:104 | Instance i-092e36790e6beffcc : CPU usage history during evaluate() : {'timestamp': datetime.datetime(2023, 11, 26, 13, 55, 55, 676962), 'cpu_utilization': 76.0}
jax-FedAdaGrad-run | INFO flwr 2023-11-26 13:56:56,793 | client.py:82 | Instance i-092e36790e6beffcc : CPU usage history during fit() : {'timestamp': datetime.datetime(2023, 11, 26, 13, 56, 56, 793537), 'cpu_utilization': 87.3}
jax-FedAdaGrad-run | INFO flwr 2023-11-26 13:56:56,793 | client.py:82 | Instance i-092e36790e6beffcc : CPU usage history during fit() : {'timestamp': datetime.datetime(2023, 11, 26, 13, 56, 56, 793537), 'cpu_utilization': 87.3}
jax-FedAdaGrad-run | INFO flwr 2023-11-26 13:58:11,427 | client.py:104 | Instance i-092e36790e6beffcc : CPU usage history during evaluate() : {'timestamp': datetime.datetime(2023, 11, 26, 13, 58, 11, 426828), 'cpu_utilization': 99.1}
jax-FedAdaGrad-run | INFO flwr 2023-11-26 13:58:11,427 | client.py:104 | Instance i-092e36790e6beffcc : CPU usage history during evaluate() : {'timestamp': datetime.datetime(2023, 11, 26, 13, 58, 11, 426828), 'cpu_utilization': 99.1}
jax-FedAdaGrad-run | INFO flwr 2023-11-26 13:59:21,831 | client.py:82 | Instance i-092e36790e6beffcc : CPU usage history during fit() : {'timestamp': datetime.datetime(2023, 11, 26, 13, 59, 21, 831064), 'cpu_utilization': 87.3}
jax-FedAdaGrad-run | INFO flwr 2023-11-26 13:59:21,831 | client.py:82 | Instance i-092e36790e6beffcc : CPU usage history during fit() : {'timestamp': datetime.datetime(2023, 11, 26, 13, 59, 21, 831064), 'cpu_utilization': 87.3}
jax-FedAdaGrad-run | INFO flwr 2023-11-26 14:00:17,294 | client.py:104 | Instance i-092e36790e6beffcc : CPU usage history during evaluate() : {'timestamp': datetime.datetime(2023, 11, 26, 14, 0, 17, 294646), 'cpu_utilization': 99.1}
jax-FedAdaGrad-run | INFO flwr 2023-11-26 14:00:17,294 | client.py:104 | Instance i-092e36790e6beffcc : CPU usage history during evaluate() : {'timestamp': datetime.datetime(2023, 11, 26, 14, 0, 17, 294646), 'cpu_utilization': 99.1}
jax-FedAdaGrad-run | INFO flwr 2023-11-26 14:01:27,113 | client.py:82 | Instance i-092e36790e6beffcc : CPU usage history during fit() : {'timestamp': datetime.datetime(2023, 11, 26, 14, 1, 27, 113215), 'cpu_utilization': 87.3}
jax-FedAdaGrad-run | INFO flwr 2023-11-26 14:01:27,113 | client.py:82 | Instance i-092e36790e6beffcc : CPU usage history during fit() : {'timestamp': datetime.datetime(2023, 11, 26, 14, 1, 27, 113215), 'cpu_utilization': 87.3}
jax-FedAdaGrad-run | INFO flwr 2023-11-26 14:02:41,835 | client.py:104 | Instance i-092e36790e6beffcc : CPU usage history during evaluate() : {'timestamp': datetime.datetime(2023, 11, 26, 14, 2, 41, 834843), 'cpu_utilization': 99.1}
jax-FedAdaGrad-run | INFO flwr 2023-11-26 14:02:41,835 | client.py:104 | Instance i-092e36790e6beffcc : CPU usage history during evaluate() : {'timestamp': datetime.datetime(2023, 11, 26, 14, 2, 41, 834843), 'cpu_utilization': 99.1}
jax-FedAdaGrad-run | INFO flwr 2023-11-26 14:03:52,095 | client.py:82 | Instance i-092e36790e6beffcc : CPU usage history during fit() : {'timestamp': datetime.datetime(2023, 11, 26, 14, 3, 52, 95154), 'cpu_utilization': 87.3}
jax-FedAdaGrad-run | INFO flwr 2023-11-26 14:03:52,095 | client.py:82 | Instance i-092e36790e6beffcc : CPU usage history during fit() : {'timestamp': datetime.datetime(2023, 11, 26, 14, 3, 52, 95154), 'cpu_utilization': 87.3}
jax-FedAdaGrad-run | INFO flwr 2023-11-26 14:05:06,768 | client.py:104 | Instance i-092e36790e6beffcc : CPU usage history during evaluate() : {'timestamp': datetime.datetime(2023, 11, 26, 14, 5, 6, 768205), 'cpu_utilization': 99.0}
jax-FedAdaGrad-run | INFO flwr 2023-11-26 14:05:06,768 | client.py:104 | Instance i-092e36790e6beffcc : CPU usage history during evaluate() : {'timestamp': datetime.datetime(2023, 11, 26, 14, 5, 6, 768205), 'cpu_utilization': 99.0}
jax-FedAdaGrad-run | INFO flwr 2023-11-26 14:06:17,020 | client.py:82 | Instance i-092e36790e6beffcc : CPU usage history during fit() : {'timestamp': datetime.datetime(2023, 11, 26, 14, 6, 17, 20296), 'cpu_utilization': 87.2}
jax-FedAdaGrad-run | INFO flwr 2023-11-26 14:06:17,020 | client.py:82 | Instance i-092e36790e6beffcc : CPU usage history during fit() : {'timestamp': datetime.datetime(2023, 11, 26, 14, 6, 17, 20296), 'cpu_utilization': 87.2}
jax-FedAdaGrad-run | INFO flwr 2023-11-26 14:07:21,729 | client.py:104 | Instance i-092e36790e6beffcc : CPU usage history during evaluate() : {'timestamp': datetime.datetime(2023, 11, 26, 14, 7, 21, 729154), 'cpu_utilization': 76.3}
jax-FedAdaGrad-run | INFO flwr 2023-11-26 14:07:21,729 | client.py:104 | Instance i-092e36790e6beffcc : CPU usage history during evaluate() : {'timestamp': datetime.datetime(2023, 11, 26, 14, 7, 21, 729154), 'cpu_utilization': 76.3}
jax-FedAdaGrad-run | INFO flwr 2023-11-26 14:08:22,833 | client.py:82 | Instance i-092e36790e6beffcc : CPU usage history during fit() : {'timestamp': datetime.datetime(2023, 11, 26, 14, 8, 22, 832929), 'cpu_utilization': 87.3}
jax-FedAdaGrad-run | INFO flwr 2023-11-26 14:08:22,833 | client.py:82 | Instance i-092e36790e6beffcc : CPU usage history during fit() : {'timestamp': datetime.datetime(2023, 11, 26, 14, 8, 22, 832929), 'cpu_utilization': 87.3}
jax-FedAdaGrad-run | INFO flwr 2023-11-26 14:09:46,650 | client.py:104 | Instance i-092e36790e6beffcc : CPU usage history during evaluate() : {'timestamp': datetime.datetime(2023, 11, 26, 14, 9, 46, 649910), 'cpu_utilization': 76.5}
jax-FedAdaGrad-run | INFO flwr 2023-11-26 14:09:46,650 | client.py:104 | Instance i-092e36790e6beffcc : CPU usage history during evaluate() : {'timestamp': datetime.datetime(2023, 11, 26, 14, 9, 46, 649910), 'cpu_utilization': 76.5}
jax-FedAdaGrad-run | INFO flwr 2023-11-26 14:11:10,134 | client.py:82 | Instance i-092e36790e6beffcc : CPU usage history during fit() : {'timestamp': datetime.datetime(2023, 11, 26, 14, 11, 10, 134624), 'cpu_utilization': 63.4}
jax-FedAdaGrad-run | INFO flwr 2023-11-26 14:11:10,134 | client.py:82 | Instance i-092e36790e6beffcc : CPU usage history during fit() : {'timestamp': datetime.datetime(2023, 11, 26, 14, 11, 10, 134624), 'cpu_utilization': 63.4}
jax-FedAdaGrad-run | INFO flwr 2023-11-26 14:12:34,106 | client.py:104 | Instance i-092e36790e6beffcc : CPU usage history during evaluate() : {'timestamp': datetime.datetime(2023, 11, 26, 14, 12, 34, 106349), 'cpu_utilization': 76.8}
jax-FedAdaGrad-run | INFO flwr 2023-11-26 14:12:34,106 | client.py:104 | Instance i-092e36790e6beffcc : CPU usage history during evaluate() : {'timestamp': datetime.datetime(2023, 11, 26, 14, 12, 34, 106349), 'cpu_utilization': 76.8}
jax-FedAdaGrad-run | INFO flwr 2023-11-26 14:13:35,073 | client.py:82 | Instance i-092e36790e6beffcc : CPU usage history during fit() : {'timestamp': datetime.datetime(2023, 11, 26, 14, 13, 35, 73472), 'cpu_utilization': 87.3}
jax-FedAdaGrad-run | INFO flwr 2023-11-26 14:13:35,073 | client.py:82 | Instance i-092e36790e6beffcc : CPU usage history during fit() : {'timestamp': datetime.datetime(2023, 11, 26, 14, 13, 35, 73472), 'cpu_utilization': 87.3}
jax-FedAdaGrad-run | INFO flwr 2023-11-26 14:14:30,480 | client.py:104 | Instance i-092e36790e6beffcc : CPU usage history during evaluate() : {'timestamp': datetime.datetime(2023, 11, 26, 14, 14, 30, 479931), 'cpu_utilization': 99.1}
jax-FedAdaGrad-run | INFO flwr 2023-11-26 14:14:30,480 | client.py:104 | Instance i-092e36790e6beffcc : CPU usage history during evaluate() : {'timestamp': datetime.datetime(2023, 11, 26, 14, 14, 30, 479931), 'cpu_utilization': 99.1}
jax-FedAdaGrad-run | DEBUG flwr 2023-11-26 14:14:40,513 | connection.py:139 | gRPC channel closed
jax-FedAdaGrad-run | DEBUG flwr 2023-11-26 14:14:40,513 | connection.py:139 | gRPC channel closed
jax-FedAdaGrad-run | INFO flwr 2023-11-26 14:14:40,513 | app.py:215 | Disconnect and shut down
jax-FedAdaGrad-run | INFO flwr 2023-11-26 14:14:40,513 | app.py:215 | Disconnect and shut down
