jax-FedAvgM-run | INFO flwr 2023-12-02 10:53:58,988 | grpc.py:49 | Opened insecure gRPC connection (no certificates were passed)
jax-FedAvgM-run | DEBUG flwr 2023-12-02 10:53:58,990 | connection.py:42 | ChannelConnectivity.IDLE
jax-FedAvgM-run | DEBUG flwr 2023-12-02 10:53:58,990 | connection.py:42 | ChannelConnectivity.CONNECTING
jax-FedAvgM-run | DEBUG flwr 2023-12-02 10:53:58,994 | connection.py:42 | ChannelConnectivity.TRANSIENT_FAILURE
jax-FedAvgM-run | DEBUG flwr 2023-12-02 10:53:59,197 | connection.py:139 | gRPC channel closed
jax-FedAvgM-run | INFO flwr 2023-12-02 10:54:09,208 | grpc.py:49 | Opened insecure gRPC connection (no certificates were passed)
jax-FedAvgM-run | INFO flwr 2023-12-02 10:54:09,208 | grpc.py:49 | Opened insecure gRPC connection (no certificates were passed)
jax-FedAvgM-run | DEBUG flwr 2023-12-02 10:54:09,237 | connection.py:42 | ChannelConnectivity.IDLE
jax-FedAvgM-run | DEBUG flwr 2023-12-02 10:54:09,237 | connection.py:42 | ChannelConnectivity.IDLE
jax-FedAvgM-run | DEBUG flwr 2023-12-02 10:54:09,238 | connection.py:42 | ChannelConnectivity.READY
jax-FedAvgM-run | DEBUG flwr 2023-12-02 10:54:09,238 | connection.py:42 | ChannelConnectivity.READY
jax-FedAvgM-run | INFO flwr 2023-12-02 10:55:11,412 | client.py:82 | Instance i-0eacf0d7bbb047794 : CPU usage history during fit() : {'timestamp': datetime.datetime(2023, 12, 2, 10, 55, 11, 372573), 'cpu_utilization': 87.0}
jax-FedAvgM-run | INFO flwr 2023-12-02 10:55:11,412 | client.py:82 | Instance i-0eacf0d7bbb047794 : CPU usage history during fit() : {'timestamp': datetime.datetime(2023, 12, 2, 10, 55, 11, 372573), 'cpu_utilization': 87.0}
jax-FedAvgM-run | INFO flwr 2023-12-02 10:56:52,703 | client.py:104 | Instance i-0eacf0d7bbb047794 : CPU usage history during evaluate() : {'timestamp': datetime.datetime(2023, 12, 2, 10, 56, 52, 702879), 'cpu_utilization': 99.0}
jax-FedAvgM-run | INFO flwr 2023-12-02 10:56:52,703 | client.py:104 | Instance i-0eacf0d7bbb047794 : CPU usage history during evaluate() : {'timestamp': datetime.datetime(2023, 12, 2, 10, 56, 52, 702879), 'cpu_utilization': 99.0}
jax-FedAvgM-run | INFO flwr 2023-12-02 10:58:37,883 | client.py:82 | Instance i-0eacf0d7bbb047794 : CPU usage history during fit() : {'timestamp': datetime.datetime(2023, 12, 2, 10, 58, 37, 882863), 'cpu_utilization': 87.1}
jax-FedAvgM-run | INFO flwr 2023-12-02 10:58:37,883 | client.py:82 | Instance i-0eacf0d7bbb047794 : CPU usage history during fit() : {'timestamp': datetime.datetime(2023, 12, 2, 10, 58, 37, 882863), 'cpu_utilization': 87.1}
jax-FedAvgM-run | INFO flwr 2023-12-02 11:00:01,342 | client.py:104 | Instance i-0eacf0d7bbb047794 : CPU usage history during evaluate() : {'timestamp': datetime.datetime(2023, 12, 2, 11, 0, 1, 342365), 'cpu_utilization': 76.9}
jax-FedAvgM-run | INFO flwr 2023-12-02 11:00:01,342 | client.py:104 | Instance i-0eacf0d7bbb047794 : CPU usage history during evaluate() : {'timestamp': datetime.datetime(2023, 12, 2, 11, 0, 1, 342365), 'cpu_utilization': 76.9}
jax-FedAvgM-run | INFO flwr 2023-12-02 11:01:14,632 | client.py:82 | Instance i-0eacf0d7bbb047794 : CPU usage history during fit() : {'timestamp': datetime.datetime(2023, 12, 2, 11, 1, 14, 632459), 'cpu_utilization': 87.2}
jax-FedAvgM-run | INFO flwr 2023-12-02 11:01:14,632 | client.py:82 | Instance i-0eacf0d7bbb047794 : CPU usage history during fit() : {'timestamp': datetime.datetime(2023, 12, 2, 11, 1, 14, 632459), 'cpu_utilization': 87.2}
jax-FedAvgM-run | INFO flwr 2023-12-02 11:03:05,190 | client.py:104 | Instance i-0eacf0d7bbb047794 : CPU usage history during evaluate() : {'timestamp': datetime.datetime(2023, 12, 2, 11, 3, 5, 190532), 'cpu_utilization': 77.4}
jax-FedAvgM-run | INFO flwr 2023-12-02 11:03:05,190 | client.py:104 | Instance i-0eacf0d7bbb047794 : CPU usage history during evaluate() : {'timestamp': datetime.datetime(2023, 12, 2, 11, 3, 5, 190532), 'cpu_utilization': 77.4}
jax-FedAvgM-run | INFO flwr 2023-12-02 11:04:40,682 | client.py:82 | Instance i-0eacf0d7bbb047794 : CPU usage history during fit() : {'timestamp': datetime.datetime(2023, 12, 2, 11, 4, 40, 623670), 'cpu_utilization': 87.1}
jax-FedAvgM-run | INFO flwr 2023-12-02 11:04:40,682 | client.py:82 | Instance i-0eacf0d7bbb047794 : CPU usage history during fit() : {'timestamp': datetime.datetime(2023, 12, 2, 11, 4, 40, 623670), 'cpu_utilization': 87.1}
jax-FedAvgM-run | INFO flwr 2023-12-02 11:05:51,100 | client.py:104 | Instance i-0eacf0d7bbb047794 : CPU usage history during evaluate() : {'timestamp': datetime.datetime(2023, 12, 2, 11, 5, 51, 100388), 'cpu_utilization': 98.9}
jax-FedAvgM-run | INFO flwr 2023-12-02 11:05:51,100 | client.py:104 | Instance i-0eacf0d7bbb047794 : CPU usage history during evaluate() : {'timestamp': datetime.datetime(2023, 12, 2, 11, 5, 51, 100388), 'cpu_utilization': 98.9}
jax-FedAvgM-run | INFO flwr 2023-12-02 11:07:04,034 | client.py:82 | Instance i-0eacf0d7bbb047794 : CPU usage history during fit() : {'timestamp': datetime.datetime(2023, 12, 2, 11, 7, 4, 34481), 'cpu_utilization': 87.0}
jax-FedAvgM-run | INFO flwr 2023-12-02 11:07:04,034 | client.py:82 | Instance i-0eacf0d7bbb047794 : CPU usage history during fit() : {'timestamp': datetime.datetime(2023, 12, 2, 11, 7, 4, 34481), 'cpu_utilization': 87.0}
jax-FedAvgM-run | INFO flwr 2023-12-02 11:08:30,211 | client.py:104 | Instance i-0eacf0d7bbb047794 : CPU usage history during evaluate() : {'timestamp': datetime.datetime(2023, 12, 2, 11, 8, 30, 211472), 'cpu_utilization': 99.0}
jax-FedAvgM-run | INFO flwr 2023-12-02 11:08:30,211 | client.py:104 | Instance i-0eacf0d7bbb047794 : CPU usage history during evaluate() : {'timestamp': datetime.datetime(2023, 12, 2, 11, 8, 30, 211472), 'cpu_utilization': 99.0}
jax-FedAvgM-run | INFO flwr 2023-12-02 11:09:43,412 | client.py:82 | Instance i-0eacf0d7bbb047794 : CPU usage history during fit() : {'timestamp': datetime.datetime(2023, 12, 2, 11, 9, 43, 412195), 'cpu_utilization': 87.0}
jax-FedAvgM-run | INFO flwr 2023-12-02 11:09:43,412 | client.py:82 | Instance i-0eacf0d7bbb047794 : CPU usage history during fit() : {'timestamp': datetime.datetime(2023, 12, 2, 11, 9, 43, 412195), 'cpu_utilization': 87.0}
jax-FedAvgM-run | INFO flwr 2023-12-02 11:11:34,173 | client.py:104 | Instance i-0eacf0d7bbb047794 : CPU usage history during evaluate() : {'timestamp': datetime.datetime(2023, 12, 2, 11, 11, 34, 173685), 'cpu_utilization': 76.9}
jax-FedAvgM-run | INFO flwr 2023-12-02 11:11:34,173 | client.py:104 | Instance i-0eacf0d7bbb047794 : CPU usage history during evaluate() : {'timestamp': datetime.datetime(2023, 12, 2, 11, 11, 34, 173685), 'cpu_utilization': 76.9}
jax-FedAvgM-run | INFO flwr 2023-12-02 11:12:28,749 | client.py:82 | Instance i-0eacf0d7bbb047794 : CPU usage history during fit() : {'timestamp': datetime.datetime(2023, 12, 2, 11, 12, 28, 748970), 'cpu_utilization': 87.1}
jax-FedAvgM-run | INFO flwr 2023-12-02 11:12:28,749 | client.py:82 | Instance i-0eacf0d7bbb047794 : CPU usage history during fit() : {'timestamp': datetime.datetime(2023, 12, 2, 11, 12, 28, 748970), 'cpu_utilization': 87.1}
jax-FedAvgM-run | INFO flwr 2023-12-02 11:14:14,532 | client.py:104 | Instance i-0eacf0d7bbb047794 : CPU usage history during evaluate() : {'timestamp': datetime.datetime(2023, 12, 2, 11, 14, 14, 532536), 'cpu_utilization': 98.9}
jax-FedAvgM-run | INFO flwr 2023-12-02 11:14:14,532 | client.py:104 | Instance i-0eacf0d7bbb047794 : CPU usage history during evaluate() : {'timestamp': datetime.datetime(2023, 12, 2, 11, 14, 14, 532536), 'cpu_utilization': 98.9}
jax-FedAvgM-run | INFO flwr 2023-12-02 11:15:26,923 | client.py:82 | Instance i-0eacf0d7bbb047794 : CPU usage history during fit() : {'timestamp': datetime.datetime(2023, 12, 2, 11, 15, 26, 923214), 'cpu_utilization': 87.0}
jax-FedAvgM-run | INFO flwr 2023-12-02 11:15:26,923 | client.py:82 | Instance i-0eacf0d7bbb047794 : CPU usage history during fit() : {'timestamp': datetime.datetime(2023, 12, 2, 11, 15, 26, 923214), 'cpu_utilization': 87.0}
jax-FedAvgM-run | INFO flwr 2023-12-02 11:16:54,692 | client.py:104 | Instance i-0eacf0d7bbb047794 : CPU usage history during evaluate() : {'timestamp': datetime.datetime(2023, 12, 2, 11, 16, 54, 691912), 'cpu_utilization': 98.9}
jax-FedAvgM-run | INFO flwr 2023-12-02 11:16:54,692 | client.py:104 | Instance i-0eacf0d7bbb047794 : CPU usage history during evaluate() : {'timestamp': datetime.datetime(2023, 12, 2, 11, 16, 54, 691912), 'cpu_utilization': 98.9}
jax-FedAvgM-run | INFO flwr 2023-12-02 11:18:07,576 | client.py:82 | Instance i-0eacf0d7bbb047794 : CPU usage history during fit() : {'timestamp': datetime.datetime(2023, 12, 2, 11, 18, 7, 576110), 'cpu_utilization': 87.0}
jax-FedAvgM-run | INFO flwr 2023-12-02 11:18:07,576 | client.py:82 | Instance i-0eacf0d7bbb047794 : CPU usage history during fit() : {'timestamp': datetime.datetime(2023, 12, 2, 11, 18, 7, 576110), 'cpu_utilization': 87.0}
jax-FedAvgM-run | INFO flwr 2023-12-02 11:20:01,946 | client.py:104 | Instance i-0eacf0d7bbb047794 : CPU usage history during evaluate() : {'timestamp': datetime.datetime(2023, 12, 2, 11, 20, 1, 946319), 'cpu_utilization': 77.3}
jax-FedAvgM-run | INFO flwr 2023-12-02 11:20:01,946 | client.py:104 | Instance i-0eacf0d7bbb047794 : CPU usage history during evaluate() : {'timestamp': datetime.datetime(2023, 12, 2, 11, 20, 1, 946319), 'cpu_utilization': 77.3}
jax-FedAvgM-run | INFO flwr 2023-12-02 11:21:46,787 | client.py:82 | Instance i-0eacf0d7bbb047794 : CPU usage history during fit() : {'timestamp': datetime.datetime(2023, 12, 2, 11, 21, 46, 787693), 'cpu_utilization': 87.0}
jax-FedAvgM-run | INFO flwr 2023-12-02 11:21:46,787 | client.py:82 | Instance i-0eacf0d7bbb047794 : CPU usage history during fit() : {'timestamp': datetime.datetime(2023, 12, 2, 11, 21, 46, 787693), 'cpu_utilization': 87.0}
jax-FedAvgM-run | INFO flwr 2023-12-02 11:23:41,777 | client.py:104 | Instance i-0eacf0d7bbb047794 : CPU usage history during evaluate() : {'timestamp': datetime.datetime(2023, 12, 2, 11, 23, 41, 777670), 'cpu_utilization': 77.1}
jax-FedAvgM-run | INFO flwr 2023-12-02 11:23:41,777 | client.py:104 | Instance i-0eacf0d7bbb047794 : CPU usage history during evaluate() : {'timestamp': datetime.datetime(2023, 12, 2, 11, 23, 41, 777670), 'cpu_utilization': 77.1}
jax-FedAvgM-run | DEBUG flwr 2023-12-02 11:23:45,749 | connection.py:139 | gRPC channel closed
jax-FedAvgM-run | DEBUG flwr 2023-12-02 11:23:45,749 | connection.py:139 | gRPC channel closed
jax-FedAvgM-run | INFO flwr 2023-12-02 11:23:45,749 | app.py:215 | Disconnect and shut down
jax-FedAvgM-run | INFO flwr 2023-12-02 11:23:45,749 | app.py:215 | Disconnect and shut down
