jax-FedAdaGrad-run | INFO flwr 2023-11-26 13:50:44,068 | grpc.py:49 | Opened insecure gRPC connection (no certificates were passed)
jax-FedAdaGrad-run | DEBUG flwr 2023-11-26 13:50:44,072 | connection.py:42 | ChannelConnectivity.IDLE
jax-FedAdaGrad-run | DEBUG flwr 2023-11-26 13:50:44,073 | connection.py:139 | gRPC channel closed
jax-FedAdaGrad-run | INFO flwr 2023-11-26 13:50:54,085 | grpc.py:49 | Opened insecure gRPC connection (no certificates were passed)
jax-FedAdaGrad-run | INFO flwr 2023-11-26 13:50:54,085 | grpc.py:49 | Opened insecure gRPC connection (no certificates were passed)
jax-FedAdaGrad-run | DEBUG flwr 2023-11-26 13:50:54,113 | connection.py:42 | ChannelConnectivity.IDLE
jax-FedAdaGrad-run | DEBUG flwr 2023-11-26 13:50:54,113 | connection.py:42 | ChannelConnectivity.IDLE
jax-FedAdaGrad-run | DEBUG flwr 2023-11-26 13:50:54,114 | connection.py:42 | ChannelConnectivity.READY
jax-FedAdaGrad-run | DEBUG flwr 2023-11-26 13:50:54,114 | connection.py:42 | ChannelConnectivity.READY
jax-FedAdaGrad-run | INFO flwr 2023-11-26 13:51:55,626 | client.py:82 | Instance i-00dd60b0952d6b1b9 : CPU usage history during fit() : {'timestamp': datetime.datetime(2023, 11, 26, 13, 51, 55, 625806), 'cpu_utilization': 86.9}
jax-FedAdaGrad-run | INFO flwr 2023-11-26 13:51:55,626 | client.py:82 | Instance i-00dd60b0952d6b1b9 : CPU usage history during fit() : {'timestamp': datetime.datetime(2023, 11, 26, 13, 51, 55, 625806), 'cpu_utilization': 86.9}
jax-FedAdaGrad-run | INFO flwr 2023-11-26 13:53:21,518 | client.py:104 | Instance i-00dd60b0952d6b1b9 : CPU usage history during evaluate() : {'timestamp': datetime.datetime(2023, 11, 26, 13, 53, 21, 518674), 'cpu_utilization': 99.0}
jax-FedAdaGrad-run | INFO flwr 2023-11-26 13:53:21,518 | client.py:104 | Instance i-00dd60b0952d6b1b9 : CPU usage history during evaluate() : {'timestamp': datetime.datetime(2023, 11, 26, 13, 53, 21, 518674), 'cpu_utilization': 99.0}
jax-FedAdaGrad-run | INFO flwr 2023-11-26 13:54:20,801 | client.py:82 | Instance i-00dd60b0952d6b1b9 : CPU usage history during fit() : {'timestamp': datetime.datetime(2023, 11, 26, 13, 54, 20, 800959), 'cpu_utilization': 87.0}
jax-FedAdaGrad-run | INFO flwr 2023-11-26 13:54:20,801 | client.py:82 | Instance i-00dd60b0952d6b1b9 : CPU usage history during fit() : {'timestamp': datetime.datetime(2023, 11, 26, 13, 54, 20, 800959), 'cpu_utilization': 87.0}
jax-FedAdaGrad-run | INFO flwr 2023-11-26 13:55:46,717 | client.py:104 | Instance i-00dd60b0952d6b1b9 : CPU usage history during evaluate() : {'timestamp': datetime.datetime(2023, 11, 26, 13, 55, 46, 717259), 'cpu_utilization': 98.9}
jax-FedAdaGrad-run | INFO flwr 2023-11-26 13:55:46,717 | client.py:104 | Instance i-00dd60b0952d6b1b9 : CPU usage history during evaluate() : {'timestamp': datetime.datetime(2023, 11, 26, 13, 55, 46, 717259), 'cpu_utilization': 98.9}
jax-FedAdaGrad-run | INFO flwr 2023-11-26 13:56:45,968 | client.py:82 | Instance i-00dd60b0952d6b1b9 : CPU usage history during fit() : {'timestamp': datetime.datetime(2023, 11, 26, 13, 56, 45, 968252), 'cpu_utilization': 87.0}
jax-FedAdaGrad-run | INFO flwr 2023-11-26 13:56:45,968 | client.py:82 | Instance i-00dd60b0952d6b1b9 : CPU usage history during fit() : {'timestamp': datetime.datetime(2023, 11, 26, 13, 56, 45, 968252), 'cpu_utilization': 87.0}
jax-FedAdaGrad-run | INFO flwr 2023-11-26 13:58:10,518 | client.py:104 | Instance i-00dd60b0952d6b1b9 : CPU usage history during evaluate() : {'timestamp': datetime.datetime(2023, 11, 26, 13, 58, 10, 518479), 'cpu_utilization': 99.2}
jax-FedAdaGrad-run | INFO flwr 2023-11-26 13:58:10,518 | client.py:104 | Instance i-00dd60b0952d6b1b9 : CPU usage history during evaluate() : {'timestamp': datetime.datetime(2023, 11, 26, 13, 58, 10, 518479), 'cpu_utilization': 99.2}
jax-FedAdaGrad-run | INFO flwr 2023-11-26 13:59:10,781 | client.py:82 | Instance i-00dd60b0952d6b1b9 : CPU usage history during fit() : {'timestamp': datetime.datetime(2023, 11, 26, 13, 59, 10, 781294), 'cpu_utilization': 87.0}
jax-FedAdaGrad-run | INFO flwr 2023-11-26 13:59:10,781 | client.py:82 | Instance i-00dd60b0952d6b1b9 : CPU usage history during fit() : {'timestamp': datetime.datetime(2023, 11, 26, 13, 59, 10, 781294), 'cpu_utilization': 87.0}
jax-FedAdaGrad-run | INFO flwr 2023-11-26 14:00:17,136 | client.py:104 | Instance i-00dd60b0952d6b1b9 : CPU usage history during evaluate() : {'timestamp': datetime.datetime(2023, 11, 26, 14, 0, 17, 135948), 'cpu_utilization': 99.0}
jax-FedAdaGrad-run | INFO flwr 2023-11-26 14:00:17,136 | client.py:104 | Instance i-00dd60b0952d6b1b9 : CPU usage history during evaluate() : {'timestamp': datetime.datetime(2023, 11, 26, 14, 0, 17, 135948), 'cpu_utilization': 99.0}
jax-FedAdaGrad-run | INFO flwr 2023-11-26 14:01:16,449 | client.py:82 | Instance i-00dd60b0952d6b1b9 : CPU usage history during fit() : {'timestamp': datetime.datetime(2023, 11, 26, 14, 1, 16, 449028), 'cpu_utilization': 86.9}
jax-FedAdaGrad-run | INFO flwr 2023-11-26 14:01:16,449 | client.py:82 | Instance i-00dd60b0952d6b1b9 : CPU usage history during fit() : {'timestamp': datetime.datetime(2023, 11, 26, 14, 1, 16, 449028), 'cpu_utilization': 86.9}
jax-FedAdaGrad-run | INFO flwr 2023-11-26 14:02:51,190 | client.py:104 | Instance i-00dd60b0952d6b1b9 : CPU usage history during evaluate() : {'timestamp': datetime.datetime(2023, 11, 26, 14, 2, 51, 189886), 'cpu_utilization': 76.7}
jax-FedAdaGrad-run | INFO flwr 2023-11-26 14:02:51,190 | client.py:104 | Instance i-00dd60b0952d6b1b9 : CPU usage history during evaluate() : {'timestamp': datetime.datetime(2023, 11, 26, 14, 2, 51, 189886), 'cpu_utilization': 76.7}
jax-FedAdaGrad-run | INFO flwr 2023-11-26 14:03:40,663 | client.py:82 | Instance i-00dd60b0952d6b1b9 : CPU usage history during fit() : {'timestamp': datetime.datetime(2023, 11, 26, 14, 3, 40, 662986), 'cpu_utilization': 87.0}
jax-FedAdaGrad-run | INFO flwr 2023-11-26 14:03:40,663 | client.py:82 | Instance i-00dd60b0952d6b1b9 : CPU usage history during fit() : {'timestamp': datetime.datetime(2023, 11, 26, 14, 3, 40, 662986), 'cpu_utilization': 87.0}
jax-FedAdaGrad-run | INFO flwr 2023-11-26 14:05:07,005 | client.py:104 | Instance i-00dd60b0952d6b1b9 : CPU usage history during evaluate() : {'timestamp': datetime.datetime(2023, 11, 26, 14, 5, 7, 5243), 'cpu_utilization': 98.9}
jax-FedAdaGrad-run | INFO flwr 2023-11-26 14:05:07,005 | client.py:104 | Instance i-00dd60b0952d6b1b9 : CPU usage history during evaluate() : {'timestamp': datetime.datetime(2023, 11, 26, 14, 5, 7, 5243), 'cpu_utilization': 98.9}
jax-FedAdaGrad-run | INFO flwr 2023-11-26 14:06:06,560 | client.py:82 | Instance i-00dd60b0952d6b1b9 : CPU usage history during fit() : {'timestamp': datetime.datetime(2023, 11, 26, 14, 6, 6, 560273), 'cpu_utilization': 87.1}
jax-FedAdaGrad-run | INFO flwr 2023-11-26 14:06:06,560 | client.py:82 | Instance i-00dd60b0952d6b1b9 : CPU usage history during fit() : {'timestamp': datetime.datetime(2023, 11, 26, 14, 6, 6, 560273), 'cpu_utilization': 87.1}
jax-FedAdaGrad-run | INFO flwr 2023-11-26 14:07:12,503 | client.py:104 | Instance i-00dd60b0952d6b1b9 : CPU usage history during evaluate() : {'timestamp': datetime.datetime(2023, 11, 26, 14, 7, 12, 503531), 'cpu_utilization': 98.9}
jax-FedAdaGrad-run | INFO flwr 2023-11-26 14:07:12,503 | client.py:104 | Instance i-00dd60b0952d6b1b9 : CPU usage history during evaluate() : {'timestamp': datetime.datetime(2023, 11, 26, 14, 7, 12, 503531), 'cpu_utilization': 98.9}
jax-FedAdaGrad-run | INFO flwr 2023-11-26 14:08:12,419 | client.py:82 | Instance i-00dd60b0952d6b1b9 : CPU usage history during fit() : {'timestamp': datetime.datetime(2023, 11, 26, 14, 8, 12, 419717), 'cpu_utilization': 87.0}
jax-FedAdaGrad-run | INFO flwr 2023-11-26 14:08:12,419 | client.py:82 | Instance i-00dd60b0952d6b1b9 : CPU usage history during fit() : {'timestamp': datetime.datetime(2023, 11, 26, 14, 8, 12, 419717), 'cpu_utilization': 87.0}
jax-FedAdaGrad-run | INFO flwr 2023-11-26 14:09:46,766 | client.py:104 | Instance i-00dd60b0952d6b1b9 : CPU usage history during evaluate() : {'timestamp': datetime.datetime(2023, 11, 26, 14, 9, 46, 766422), 'cpu_utilization': 76.5}
jax-FedAdaGrad-run | INFO flwr 2023-11-26 14:09:46,766 | client.py:104 | Instance i-00dd60b0952d6b1b9 : CPU usage history during evaluate() : {'timestamp': datetime.datetime(2023, 11, 26, 14, 9, 46, 766422), 'cpu_utilization': 76.5}
jax-FedAdaGrad-run | INFO flwr 2023-11-26 14:10:37,280 | client.py:82 | Instance i-00dd60b0952d6b1b9 : CPU usage history during fit() : {'timestamp': datetime.datetime(2023, 11, 26, 14, 10, 37, 279869), 'cpu_utilization': 87.0}
jax-FedAdaGrad-run | INFO flwr 2023-11-26 14:10:37,280 | client.py:82 | Instance i-00dd60b0952d6b1b9 : CPU usage history during fit() : {'timestamp': datetime.datetime(2023, 11, 26, 14, 10, 37, 279869), 'cpu_utilization': 87.0}
jax-FedAdaGrad-run | INFO flwr 2023-11-26 14:12:34,077 | client.py:104 | Instance i-00dd60b0952d6b1b9 : CPU usage history during evaluate() : {'timestamp': datetime.datetime(2023, 11, 26, 14, 12, 34, 77042), 'cpu_utilization': 76.9}
jax-FedAdaGrad-run | INFO flwr 2023-11-26 14:12:34,077 | client.py:104 | Instance i-00dd60b0952d6b1b9 : CPU usage history during evaluate() : {'timestamp': datetime.datetime(2023, 11, 26, 14, 12, 34, 77042), 'cpu_utilization': 76.9}
jax-FedAdaGrad-run | INFO flwr 2023-11-26 14:13:24,687 | client.py:82 | Instance i-00dd60b0952d6b1b9 : CPU usage history during fit() : {'timestamp': datetime.datetime(2023, 11, 26, 14, 13, 24, 687199), 'cpu_utilization': 87.0}
jax-FedAdaGrad-run | INFO flwr 2023-11-26 14:13:24,687 | client.py:82 | Instance i-00dd60b0952d6b1b9 : CPU usage history during fit() : {'timestamp': datetime.datetime(2023, 11, 26, 14, 13, 24, 687199), 'cpu_utilization': 87.0}
jax-FedAdaGrad-run | INFO flwr 2023-11-26 14:14:30,459 | client.py:104 | Instance i-00dd60b0952d6b1b9 : CPU usage history during evaluate() : {'timestamp': datetime.datetime(2023, 11, 26, 14, 14, 30, 459498), 'cpu_utilization': 98.9}
jax-FedAdaGrad-run | INFO flwr 2023-11-26 14:14:30,459 | client.py:104 | Instance i-00dd60b0952d6b1b9 : CPU usage history during evaluate() : {'timestamp': datetime.datetime(2023, 11, 26, 14, 14, 30, 459498), 'cpu_utilization': 98.9}
jax-FedAdaGrad-run | DEBUG flwr 2023-11-26 14:14:40,499 | connection.py:139 | gRPC channel closed
jax-FedAdaGrad-run | DEBUG flwr 2023-11-26 14:14:40,499 | connection.py:139 | gRPC channel closed
jax-FedAdaGrad-run | INFO flwr 2023-11-26 14:14:40,499 | app.py:215 | Disconnect and shut down
jax-FedAdaGrad-run | INFO flwr 2023-11-26 14:14:40,499 | app.py:215 | Disconnect and shut down
