tensorflow-FedAvgM-run | INFO flwr 2023-12-01 09:13:43,181 | grpc.py:49 | Opened insecure gRPC connection (no certificates were passed)
tensorflow-FedAvgM-run | DEBUG flwr 2023-12-01 09:13:43,184 | connection.py:42 | ChannelConnectivity.IDLE
tensorflow-FedAvgM-run | DEBUG flwr 2023-12-01 09:13:43,185 | connection.py:42 | ChannelConnectivity.READY
tensorflow-FedAvgM-run | INFO flwr 2023-12-01 09:14:47,283 | client.py:82 | Instance i-001ae534853d5aba8 : CPU usage history during fit() : {'timestamp': datetime.datetime(2023, 12, 1, 9, 14, 47, 283388), 'cpu_utilization': 81.5}
tensorflow-FedAvgM-run | INFO flwr 2023-12-01 09:16:33,743 | client.py:104 | Instance i-001ae534853d5aba8 : CPU usage history during evaluate() : {'timestamp': datetime.datetime(2023, 12, 1, 9, 16, 33, 743584), 'cpu_utilization': 97.9}
tensorflow-FedAvgM-run | INFO flwr 2023-12-01 09:17:32,711 | client.py:82 | Instance i-001ae534853d5aba8 : CPU usage history during fit() : {'timestamp': datetime.datetime(2023, 12, 1, 9, 17, 32, 710901), 'cpu_utilization': 85.4}
tensorflow-FedAvgM-run | INFO flwr 2023-12-01 09:18:44,390 | client.py:104 | Instance i-001ae534853d5aba8 : CPU usage history during evaluate() : {'timestamp': datetime.datetime(2023, 12, 1, 9, 18, 44, 390167), 'cpu_utilization': 98.4}
tensorflow-FedAvgM-run | INFO flwr 2023-12-01 09:19:43,163 | client.py:82 | Instance i-001ae534853d5aba8 : CPU usage history during fit() : {'timestamp': datetime.datetime(2023, 12, 1, 9, 19, 43, 163342), 'cpu_utilization': 85.4}
tensorflow-FedAvgM-run | INFO flwr 2023-12-01 09:21:12,710 | client.py:104 | Instance i-001ae534853d5aba8 : CPU usage history during evaluate() : {'timestamp': datetime.datetime(2023, 12, 1, 9, 21, 12, 710271), 'cpu_utilization': 98.0}
tensorflow-FedAvgM-run | INFO flwr 2023-12-01 09:22:13,790 | client.py:82 | Instance i-001ae534853d5aba8 : CPU usage history during fit() : {'timestamp': datetime.datetime(2023, 12, 1, 9, 22, 13, 790596), 'cpu_utilization': 82.3}
tensorflow-FedAvgM-run | INFO flwr 2023-12-01 09:23:40,744 | client.py:104 | Instance i-001ae534853d5aba8 : CPU usage history during evaluate() : {'timestamp': datetime.datetime(2023, 12, 1, 9, 23, 40, 744021), 'cpu_utilization': 98.0}
tensorflow-FedAvgM-run | INFO flwr 2023-12-01 09:24:41,869 | client.py:82 | Instance i-001ae534853d5aba8 : CPU usage history during fit() : {'timestamp': datetime.datetime(2023, 12, 1, 9, 24, 41, 868832), 'cpu_utilization': 81.2}
tensorflow-FedAvgM-run | INFO flwr 2023-12-01 09:26:46,575 | client.py:104 | Instance i-001ae534853d5aba8 : CPU usage history during evaluate() : {'timestamp': datetime.datetime(2023, 12, 1, 9, 26, 46, 575444), 'cpu_utilization': 53.3}
tensorflow-FedAvgM-run | INFO flwr 2023-12-01 09:27:26,535 | client.py:82 | Instance i-001ae534853d5aba8 : CPU usage history during fit() : {'timestamp': datetime.datetime(2023, 12, 1, 9, 27, 26, 534841), 'cpu_utilization': 85.3}
tensorflow-FedAvgM-run | INFO flwr 2023-12-01 09:29:33,587 | client.py:104 | Instance i-001ae534853d5aba8 : CPU usage history during evaluate() : {'timestamp': datetime.datetime(2023, 12, 1, 9, 29, 33, 586897), 'cpu_utilization': 53.4}
tensorflow-FedAvgM-run | INFO flwr 2023-12-01 09:30:15,495 | client.py:82 | Instance i-001ae534853d5aba8 : CPU usage history during fit() : {'timestamp': datetime.datetime(2023, 12, 1, 9, 30, 15, 495634), 'cpu_utilization': 80.7}
tensorflow-FedAvgM-run | INFO flwr 2023-12-01 09:32:01,701 | client.py:104 | Instance i-001ae534853d5aba8 : CPU usage history during evaluate() : {'timestamp': datetime.datetime(2023, 12, 1, 9, 32, 1, 701403), 'cpu_utilization': 98.0}
tensorflow-FedAvgM-run | INFO flwr 2023-12-01 09:32:41,912 | client.py:82 | Instance i-001ae534853d5aba8 : CPU usage history during fit() : {'timestamp': datetime.datetime(2023, 12, 1, 9, 32, 41, 912392), 'cpu_utilization': 85.4}
tensorflow-FedAvgM-run | INFO flwr 2023-12-01 09:34:30,034 | client.py:104 | Instance i-001ae534853d5aba8 : CPU usage history during evaluate() : {'timestamp': datetime.datetime(2023, 12, 1, 9, 34, 30, 34339), 'cpu_utilization': 53.3}
tensorflow-FedAvgM-run | INFO flwr 2023-12-01 09:35:12,055 | client.py:82 | Instance i-001ae534853d5aba8 : CPU usage history during fit() : {'timestamp': datetime.datetime(2023, 12, 1, 9, 35, 12, 55380), 'cpu_utilization': 81.7}
tensorflow-FedAvgM-run | INFO flwr 2023-12-01 09:36:41,715 | client.py:104 | Instance i-001ae534853d5aba8 : CPU usage history during evaluate() : {'timestamp': datetime.datetime(2023, 12, 1, 9, 36, 41, 714886), 'cpu_utilization': 53.3}
tensorflow-FedAvgM-run | INFO flwr 2023-12-01 09:37:22,249 | client.py:82 | Instance i-001ae534853d5aba8 : CPU usage history during fit() : {'timestamp': datetime.datetime(2023, 12, 1, 9, 37, 22, 249073), 'cpu_utilization': 85.2}
tensorflow-FedAvgM-run | INFO flwr 2023-12-01 09:38:34,673 | client.py:104 | Instance i-001ae534853d5aba8 : CPU usage history during evaluate() : {'timestamp': datetime.datetime(2023, 12, 1, 9, 38, 34, 673615), 'cpu_utilization': 53.2}
tensorflow-FedAvgM-run | DEBUG flwr 2023-12-01 09:38:35,899 | connection.py:139 | gRPC channel closed
tensorflow-FedAvgM-run | INFO flwr 2023-12-01 09:38:35,899 | app.py:215 | Disconnect and shut down
