tensorflow-FedAvgM-run | INFO flwr 2023-12-01 09:13:43,171 | app.py:162 | Starting Flower server, config: ServerConfig(num_rounds=10, round_timeout=None)
tensorflow-FedAvgM-run | INFO flwr 2023-12-01 09:13:43,175 | app.py:175 | Flower ECE: gRPC server running (10 rounds), SSL is disabled
tensorflow-FedAvgM-run | INFO flwr 2023-12-01 09:13:43,175 | server.py:89 | Initializing global parameters
tensorflow-FedAvgM-run | INFO flwr 2023-12-01 09:13:43,175 | server.py:272 | Using initial parameters provided by strategy
tensorflow-FedAvgM-run | INFO flwr 2023-12-01 09:13:43,175 | server.py:91 | Evaluating initial parameters
tensorflow-FedAvgM-run | INFO flwr 2023-12-01 09:14:06,005 | server.py:94 | initial parameters (loss, other metrics): 2.3323559761047363, {'accuracy': 0.6590277552604675}
tensorflow-FedAvgM-run | INFO flwr 2023-12-01 09:14:06,005 | server.py:104 | FL starting
tensorflow-FedAvgM-run | DEBUG flwr 2023-12-01 09:14:06,005 | server.py:222 | fit_round 1: strategy sampled 5 clients (out of 5)
tensorflow-FedAvgM-run | DEBUG flwr 2023-12-01 09:15:29,547 | server.py:236 | fit_round 1 received 5 results and 0 failures
tensorflow-FedAvgM-run | WARNING flwr 2023-12-01 09:15:29,701 | fedavgm.py:198 | No fit_metrics_aggregation_fn provided
tensorflow-FedAvgM-run | INFO flwr 2023-12-01 09:16:10,900 | server.py:125 | fit progress: (1, 2.153510808944702, {'accuracy': 0.6401709318161011}, 124.89470163700003)
tensorflow-FedAvgM-run | DEBUG flwr 2023-12-01 09:16:10,900 | server.py:173 | evaluate_round 1: strategy sampled 5 clients (out of 5)
tensorflow-FedAvgM-run | DEBUG flwr 2023-12-01 09:16:53,271 | server.py:187 | evaluate_round 1 received 5 results and 0 failures
tensorflow-FedAvgM-run | WARNING flwr 2023-12-01 09:16:53,271 | fedavg.py:273 | No evaluate_metrics_aggregation_fn provided
tensorflow-FedAvgM-run | DEBUG flwr 2023-12-01 09:16:53,271 | server.py:222 | fit_round 2: strategy sampled 5 clients (out of 5)
tensorflow-FedAvgM-run | DEBUG flwr 2023-12-01 09:17:40,675 | server.py:236 | fit_round 2 received 5 results and 0 failures
tensorflow-FedAvgM-run | INFO flwr 2023-12-01 09:18:22,020 | server.py:125 | fit progress: (2, 1.525837779045105, {'accuracy': 0.6316468119621277}, 256.01515325499986)
tensorflow-FedAvgM-run | DEBUG flwr 2023-12-01 09:18:22,021 | server.py:173 | evaluate_round 2: strategy sampled 5 clients (out of 5)
tensorflow-FedAvgM-run | DEBUG flwr 2023-12-01 09:19:03,759 | server.py:187 | evaluate_round 2 received 5 results and 0 failures
tensorflow-FedAvgM-run | DEBUG flwr 2023-12-01 09:19:03,759 | server.py:222 | fit_round 3: strategy sampled 5 clients (out of 5)
tensorflow-FedAvgM-run | DEBUG flwr 2023-12-01 09:20:27,162 | server.py:236 | fit_round 3 received 5 results and 0 failures
tensorflow-FedAvgM-run | INFO flwr 2023-12-01 09:20:49,902 | server.py:125 | fit progress: (3, 1.1037081480026245, {'accuracy': 0.6358333230018616}, 403.89634971199985)
tensorflow-FedAvgM-run | DEBUG flwr 2023-12-01 09:20:49,902 | server.py:173 | evaluate_round 3: strategy sampled 5 clients (out of 5)
tensorflow-FedAvgM-run | DEBUG flwr 2023-12-01 09:21:32,454 | server.py:187 | evaluate_round 3 received 5 results and 0 failures
tensorflow-FedAvgM-run | DEBUG flwr 2023-12-01 09:21:32,454 | server.py:222 | fit_round 4: strategy sampled 5 clients (out of 5)
tensorflow-FedAvgM-run | DEBUG flwr 2023-12-01 09:22:55,891 | server.py:236 | fit_round 4 received 5 results and 0 failures
tensorflow-FedAvgM-run | INFO flwr 2023-12-01 09:23:18,185 | server.py:125 | fit progress: (4, 0.8438469171524048, {'accuracy': 0.6429687738418579}, 552.1797195270001)
tensorflow-FedAvgM-run | DEBUG flwr 2023-12-01 09:23:18,185 | server.py:173 | evaluate_round 4: strategy sampled 5 clients (out of 5)
tensorflow-FedAvgM-run | DEBUG flwr 2023-12-01 09:24:00,609 | server.py:187 | evaluate_round 4 received 5 results and 0 failures
tensorflow-FedAvgM-run | DEBUG flwr 2023-12-01 09:24:00,610 | server.py:222 | fit_round 5: strategy sampled 5 clients (out of 5)
tensorflow-FedAvgM-run | DEBUG flwr 2023-12-01 09:25:24,053 | server.py:236 | fit_round 5 received 5 results and 0 failures
tensorflow-FedAvgM-run | INFO flwr 2023-12-01 09:26:05,371 | server.py:125 | fit progress: (5, 0.7151447534561157, {'accuracy': 0.6511437892913818}, 719.3660515860001)
tensorflow-FedAvgM-run | DEBUG flwr 2023-12-01 09:26:05,372 | server.py:173 | evaluate_round 5: strategy sampled 5 clients (out of 5)
tensorflow-FedAvgM-run | DEBUG flwr 2023-12-01 09:26:47,591 | server.py:187 | evaluate_round 5 received 5 results and 0 failures
tensorflow-FedAvgM-run | DEBUG flwr 2023-12-01 09:26:47,591 | server.py:222 | fit_round 6: strategy sampled 5 clients (out of 5)
tensorflow-FedAvgM-run | DEBUG flwr 2023-12-01 09:28:10,977 | server.py:236 | fit_round 6 received 5 results and 0 failures
tensorflow-FedAvgM-run | INFO flwr 2023-12-01 09:28:52,267 | server.py:125 | fit progress: (6, 0.6069679856300354, {'accuracy': 0.6604938507080078}, 886.261435634)
tensorflow-FedAvgM-run | DEBUG flwr 2023-12-01 09:28:52,267 | server.py:173 | evaluate_round 6: strategy sampled 5 clients (out of 5)
tensorflow-FedAvgM-run | DEBUG flwr 2023-12-01 09:29:34,338 | server.py:187 | evaluate_round 6 received 5 results and 0 failures
tensorflow-FedAvgM-run | DEBUG flwr 2023-12-01 09:29:34,338 | server.py:222 | fit_round 7: strategy sampled 5 clients (out of 5)
tensorflow-FedAvgM-run | DEBUG flwr 2023-12-01 09:30:57,926 | server.py:236 | fit_round 7 received 5 results and 0 failures
tensorflow-FedAvgM-run | INFO flwr 2023-12-01 09:31:39,239 | server.py:125 | fit progress: (7, 0.5857130289077759, {'accuracy': 0.6692251563072205}, 1053.233882508)
tensorflow-FedAvgM-run | DEBUG flwr 2023-12-01 09:31:39,240 | server.py:173 | evaluate_round 7: strategy sampled 5 clients (out of 5)
tensorflow-FedAvgM-run | DEBUG flwr 2023-12-01 09:32:02,869 | server.py:187 | evaluate_round 7 received 5 results and 0 failures
tensorflow-FedAvgM-run | DEBUG flwr 2023-12-01 09:32:02,869 | server.py:222 | fit_round 8: strategy sampled 5 clients (out of 5)
tensorflow-FedAvgM-run | DEBUG flwr 2023-12-01 09:33:26,187 | server.py:236 | fit_round 8 received 5 results and 0 failures
tensorflow-FedAvgM-run | INFO flwr 2023-12-01 09:33:48,710 | server.py:125 | fit progress: (8, 0.571809709072113, {'accuracy': 0.6776388883590698}, 1182.705074675)
tensorflow-FedAvgM-run | DEBUG flwr 2023-12-01 09:33:48,715 | server.py:173 | evaluate_round 8: strategy sampled 5 clients (out of 5)
tensorflow-FedAvgM-run | DEBUG flwr 2023-12-01 09:34:30,939 | server.py:187 | evaluate_round 8 received 5 results and 0 failures
tensorflow-FedAvgM-run | DEBUG flwr 2023-12-01 09:34:30,940 | server.py:222 | fit_round 9: strategy sampled 5 clients (out of 5)
tensorflow-FedAvgM-run | DEBUG flwr 2023-12-01 09:35:19,093 | server.py:236 | fit_round 9 received 5 results and 0 failures
tensorflow-FedAvgM-run | INFO flwr 2023-12-01 09:36:00,414 | server.py:125 | fit progress: (9, 0.5512591004371643, {'accuracy': 0.68578040599823}, 1314.4092795819997)
tensorflow-FedAvgM-run | DEBUG flwr 2023-12-01 09:36:00,415 | server.py:173 | evaluate_round 9: strategy sampled 5 clients (out of 5)
tensorflow-FedAvgM-run | DEBUG flwr 2023-12-01 09:36:42,911 | server.py:187 | evaluate_round 9 received 5 results and 0 failures
tensorflow-FedAvgM-run | DEBUG flwr 2023-12-01 09:36:42,911 | server.py:222 | fit_round 10: strategy sampled 5 clients (out of 5)
tensorflow-FedAvgM-run | DEBUG flwr 2023-12-01 09:37:31,121 | server.py:236 | fit_round 10 received 5 results and 0 failures
tensorflow-FedAvgM-run | INFO flwr 2023-12-01 09:37:53,396 | server.py:125 | fit progress: (10, 0.5598941445350647, {'accuracy': 0.6930555701255798}, 1427.3905934199997)
tensorflow-FedAvgM-run | DEBUG flwr 2023-12-01 09:37:53,396 | server.py:173 | evaluate_round 10: strategy sampled 5 clients (out of 5)
tensorflow-FedAvgM-run | DEBUG flwr 2023-12-01 09:38:35,872 | server.py:187 | evaluate_round 10 received 5 results and 0 failures
tensorflow-FedAvgM-run | INFO flwr 2023-12-01 09:38:35,872 | server.py:153 | FL finished in 1469.8670457979997
tensorflow-FedAvgM-run | INFO flwr 2023-12-01 09:38:35,872 | app.py:225 | app_fit: losses_distributed [(1, 2.153510808944702), (2, 1.525837779045105), (3, 1.1037081480026245), (4, 0.8438469171524048), (5, 0.7151447534561157), (6, 0.6069679856300354), (7, 0.5857130289077759), (8, 0.571809709072113), (9, 0.5512591004371643), (10, 0.5598941445350647)]
tensorflow-FedAvgM-run | INFO flwr 2023-12-01 09:38:35,874 | app.py:226 | app_fit: metrics_distributed_fit {}
tensorflow-FedAvgM-run | INFO flwr 2023-12-01 09:38:35,874 | app.py:227 | app_fit: metrics_distributed {}
tensorflow-FedAvgM-run | INFO flwr 2023-12-01 09:38:35,874 | app.py:228 | app_fit: losses_centralized [(0, 2.3323559761047363), (1, 2.153510808944702), (2, 1.525837779045105), (3, 1.1037081480026245), (4, 0.8438469171524048), (5, 0.7151447534561157), (6, 0.6069679856300354), (7, 0.5857130289077759), (8, 0.571809709072113), (9, 0.5512591004371643), (10, 0.5598941445350647)]
tensorflow-FedAvgM-run | INFO flwr 2023-12-01 09:38:35,875 | app.py:229 | app_fit: metrics_centralized {'accuracy': [(0, 0.6590277552604675), (1, 0.6401709318161011), (2, 0.6316468119621277), (3, 0.6358333230018616), (4, 0.6429687738418579), (5, 0.6511437892913818), (6, 0.6604938507080078), (7, 0.6692251563072205), (8, 0.6776388883590698), (9, 0.68578040599823), (10, 0.6930555701255798)]}
