tensorflow-FedAdaGrad-run | INFO flwr 2023-12-01 09:38:36,097 | grpc.py:49 | Opened insecure gRPC connection (no certificates were passed)
tensorflow-FedAdaGrad-run | DEBUG flwr 2023-12-01 09:38:36,102 | connection.py:42 | ChannelConnectivity.IDLE
tensorflow-FedAdaGrad-run | DEBUG flwr 2023-12-01 09:38:36,106 | connection.py:42 | ChannelConnectivity.CONNECTING
tensorflow-FedAdaGrad-run | DEBUG flwr 2023-12-01 09:38:36,309 | connection.py:139 | gRPC channel closed
tensorflow-FedAdaGrad-run | INFO flwr 2023-12-01 09:38:46,324 | grpc.py:49 | Opened insecure gRPC connection (no certificates were passed)
tensorflow-FedAdaGrad-run | INFO flwr 2023-12-01 09:38:46,324 | grpc.py:49 | Opened insecure gRPC connection (no certificates were passed)
tensorflow-FedAdaGrad-run | DEBUG flwr 2023-12-01 09:38:46,354 | connection.py:42 | ChannelConnectivity.IDLE
tensorflow-FedAdaGrad-run | DEBUG flwr 2023-12-01 09:38:46,354 | connection.py:42 | ChannelConnectivity.IDLE
tensorflow-FedAdaGrad-run | DEBUG flwr 2023-12-01 09:38:46,355 | connection.py:42 | ChannelConnectivity.CONNECTING
tensorflow-FedAdaGrad-run | DEBUG flwr 2023-12-01 09:38:46,355 | connection.py:42 | ChannelConnectivity.CONNECTING
tensorflow-FedAdaGrad-run | DEBUG flwr 2023-12-01 09:38:46,379 | connection.py:42 | ChannelConnectivity.READY
tensorflow-FedAdaGrad-run | DEBUG flwr 2023-12-01 09:38:46,379 | connection.py:42 | ChannelConnectivity.READY
tensorflow-FedAdaGrad-run | INFO flwr 2023-12-01 09:39:58,639 | client.py:82 | Instance i-001ae534853d5aba8 : CPU usage history during fit() : {'timestamp': datetime.datetime(2023, 12, 1, 9, 39, 58, 638934), 'cpu_utilization': 81.1}
tensorflow-FedAdaGrad-run | INFO flwr 2023-12-01 09:39:58,639 | client.py:82 | Instance i-001ae534853d5aba8 : CPU usage history during fit() : {'timestamp': datetime.datetime(2023, 12, 1, 9, 39, 58, 638934), 'cpu_utilization': 81.1}
tensorflow-FedAdaGrad-run | INFO flwr 2023-12-01 09:42:03,755 | client.py:104 | Instance i-001ae534853d5aba8 : CPU usage history during evaluate() : {'timestamp': datetime.datetime(2023, 12, 1, 9, 42, 3, 755699), 'cpu_utilization': 53.2}
tensorflow-FedAdaGrad-run | INFO flwr 2023-12-01 09:42:03,755 | client.py:104 | Instance i-001ae534853d5aba8 : CPU usage history during evaluate() : {'timestamp': datetime.datetime(2023, 12, 1, 9, 42, 3, 755699), 'cpu_utilization': 53.2}
tensorflow-FedAdaGrad-run | INFO flwr 2023-12-01 09:42:43,188 | client.py:82 | Instance i-001ae534853d5aba8 : CPU usage history during fit() : {'timestamp': datetime.datetime(2023, 12, 1, 9, 42, 43, 188087), 'cpu_utilization': 85.3}
tensorflow-FedAdaGrad-run | INFO flwr 2023-12-01 09:42:43,188 | client.py:82 | Instance i-001ae534853d5aba8 : CPU usage history during fit() : {'timestamp': datetime.datetime(2023, 12, 1, 9, 42, 43, 188087), 'cpu_utilization': 85.3}
tensorflow-FedAdaGrad-run | INFO flwr 2023-12-01 09:43:36,677 | client.py:104 | Instance i-001ae534853d5aba8 : CPU usage history during evaluate() : {'timestamp': datetime.datetime(2023, 12, 1, 9, 43, 36, 677290), 'cpu_utilization': 98.1}
tensorflow-FedAdaGrad-run | INFO flwr 2023-12-01 09:43:36,677 | client.py:104 | Instance i-001ae534853d5aba8 : CPU usage history during evaluate() : {'timestamp': datetime.datetime(2023, 12, 1, 9, 43, 36, 677290), 'cpu_utilization': 98.1}
tensorflow-FedAdaGrad-run | INFO flwr 2023-12-01 09:44:34,829 | client.py:82 | Instance i-001ae534853d5aba8 : CPU usage history during fit() : {'timestamp': datetime.datetime(2023, 12, 1, 9, 44, 34, 828769), 'cpu_utilization': 85.9}
tensorflow-FedAdaGrad-run | INFO flwr 2023-12-01 09:44:34,829 | client.py:82 | Instance i-001ae534853d5aba8 : CPU usage history during fit() : {'timestamp': datetime.datetime(2023, 12, 1, 9, 44, 34, 828769), 'cpu_utilization': 85.9}
tensorflow-FedAdaGrad-run | INFO flwr 2023-12-01 09:46:42,527 | client.py:104 | Instance i-001ae534853d5aba8 : CPU usage history during evaluate() : {'timestamp': datetime.datetime(2023, 12, 1, 9, 46, 42, 527333), 'cpu_utilization': 53.2}
tensorflow-FedAdaGrad-run | INFO flwr 2023-12-01 09:46:42,527 | client.py:104 | Instance i-001ae534853d5aba8 : CPU usage history during evaluate() : {'timestamp': datetime.datetime(2023, 12, 1, 9, 46, 42, 527333), 'cpu_utilization': 53.2}
tensorflow-FedAdaGrad-run | INFO flwr 2023-12-01 09:47:24,999 | client.py:82 | Instance i-001ae534853d5aba8 : CPU usage history during fit() : {'timestamp': datetime.datetime(2023, 12, 1, 9, 47, 24, 999408), 'cpu_utilization': 79.9}
tensorflow-FedAdaGrad-run | INFO flwr 2023-12-01 09:47:24,999 | client.py:82 | Instance i-001ae534853d5aba8 : CPU usage history during fit() : {'timestamp': datetime.datetime(2023, 12, 1, 9, 47, 24, 999408), 'cpu_utilization': 79.9}
tensorflow-FedAdaGrad-run | INFO flwr 2023-12-01 09:49:10,816 | client.py:104 | Instance i-001ae534853d5aba8 : CPU usage history during evaluate() : {'timestamp': datetime.datetime(2023, 12, 1, 9, 49, 10, 816576), 'cpu_utilization': 98.0}
tensorflow-FedAdaGrad-run | INFO flwr 2023-12-01 09:49:10,816 | client.py:104 | Instance i-001ae534853d5aba8 : CPU usage history during evaluate() : {'timestamp': datetime.datetime(2023, 12, 1, 9, 49, 10, 816576), 'cpu_utilization': 98.0}
tensorflow-FedAdaGrad-run | INFO flwr 2023-12-01 09:49:53,495 | client.py:82 | Instance i-001ae534853d5aba8 : CPU usage history during fit() : {'timestamp': datetime.datetime(2023, 12, 1, 9, 49, 53, 495410), 'cpu_utilization': 79.4}
tensorflow-FedAdaGrad-run | INFO flwr 2023-12-01 09:49:53,495 | client.py:82 | Instance i-001ae534853d5aba8 : CPU usage history during fit() : {'timestamp': datetime.datetime(2023, 12, 1, 9, 49, 53, 495410), 'cpu_utilization': 79.4}
tensorflow-FedAdaGrad-run | INFO flwr 2023-12-01 09:51:39,850 | client.py:104 | Instance i-001ae534853d5aba8 : CPU usage history during evaluate() : {'timestamp': datetime.datetime(2023, 12, 1, 9, 51, 39, 850531), 'cpu_utilization': 53.2}
tensorflow-FedAdaGrad-run | INFO flwr 2023-12-01 09:51:39,850 | client.py:104 | Instance i-001ae534853d5aba8 : CPU usage history during evaluate() : {'timestamp': datetime.datetime(2023, 12, 1, 9, 51, 39, 850531), 'cpu_utilization': 53.2}
tensorflow-FedAdaGrad-run | INFO flwr 2023-12-01 09:52:22,047 | client.py:82 | Instance i-001ae534853d5aba8 : CPU usage history during fit() : {'timestamp': datetime.datetime(2023, 12, 1, 9, 52, 22, 47581), 'cpu_utilization': 79.6}
tensorflow-FedAdaGrad-run | INFO flwr 2023-12-01 09:52:22,047 | client.py:82 | Instance i-001ae534853d5aba8 : CPU usage history during fit() : {'timestamp': datetime.datetime(2023, 12, 1, 9, 52, 22, 47581), 'cpu_utilization': 79.6}
tensorflow-FedAdaGrad-run | INFO flwr 2023-12-01 09:53:49,131 | client.py:104 | Instance i-001ae534853d5aba8 : CPU usage history during evaluate() : {'timestamp': datetime.datetime(2023, 12, 1, 9, 53, 49, 131521), 'cpu_utilization': 98.5}
tensorflow-FedAdaGrad-run | INFO flwr 2023-12-01 09:53:49,131 | client.py:104 | Instance i-001ae534853d5aba8 : CPU usage history during evaluate() : {'timestamp': datetime.datetime(2023, 12, 1, 9, 53, 49, 131521), 'cpu_utilization': 98.5}
tensorflow-FedAdaGrad-run | INFO flwr 2023-12-01 09:54:50,541 | client.py:82 | Instance i-001ae534853d5aba8 : CPU usage history during fit() : {'timestamp': datetime.datetime(2023, 12, 1, 9, 54, 50, 541651), 'cpu_utilization': 79.3}
tensorflow-FedAdaGrad-run | INFO flwr 2023-12-01 09:54:50,541 | client.py:82 | Instance i-001ae534853d5aba8 : CPU usage history during fit() : {'timestamp': datetime.datetime(2023, 12, 1, 9, 54, 50, 541651), 'cpu_utilization': 79.3}
tensorflow-FedAdaGrad-run | INFO flwr 2023-12-01 09:56:36,602 | client.py:104 | Instance i-001ae534853d5aba8 : CPU usage history during evaluate() : {'timestamp': datetime.datetime(2023, 12, 1, 9, 56, 36, 601846), 'cpu_utilization': 53.1}
tensorflow-FedAdaGrad-run | INFO flwr 2023-12-01 09:56:36,602 | client.py:104 | Instance i-001ae534853d5aba8 : CPU usage history during evaluate() : {'timestamp': datetime.datetime(2023, 12, 1, 9, 56, 36, 601846), 'cpu_utilization': 53.1}
tensorflow-FedAdaGrad-run | INFO flwr 2023-12-01 09:57:15,967 | client.py:82 | Instance i-001ae534853d5aba8 : CPU usage history during fit() : {'timestamp': datetime.datetime(2023, 12, 1, 9, 57, 15, 961183), 'cpu_utilization': 86.1}
tensorflow-FedAdaGrad-run | INFO flwr 2023-12-01 09:57:15,967 | client.py:82 | Instance i-001ae534853d5aba8 : CPU usage history during fit() : {'timestamp': datetime.datetime(2023, 12, 1, 9, 57, 15, 961183), 'cpu_utilization': 86.1}
tensorflow-FedAdaGrad-run | INFO flwr 2023-12-01 09:59:23,686 | client.py:104 | Instance i-001ae534853d5aba8 : CPU usage history during evaluate() : {'timestamp': datetime.datetime(2023, 12, 1, 9, 59, 23, 686435), 'cpu_utilization': 53.3}
tensorflow-FedAdaGrad-run | INFO flwr 2023-12-01 09:59:23,686 | client.py:104 | Instance i-001ae534853d5aba8 : CPU usage history during evaluate() : {'timestamp': datetime.datetime(2023, 12, 1, 9, 59, 23, 686435), 'cpu_utilization': 53.3}
tensorflow-FedAdaGrad-run | INFO flwr 2023-12-01 10:00:05,823 | client.py:82 | Instance i-001ae534853d5aba8 : CPU usage history during fit() : {'timestamp': datetime.datetime(2023, 12, 1, 10, 0, 5, 823013), 'cpu_utilization': 79.7}
tensorflow-FedAdaGrad-run | INFO flwr 2023-12-01 10:00:05,823 | client.py:82 | Instance i-001ae534853d5aba8 : CPU usage history during fit() : {'timestamp': datetime.datetime(2023, 12, 1, 10, 0, 5, 823013), 'cpu_utilization': 79.7}
tensorflow-FedAdaGrad-run | INFO flwr 2023-12-01 10:01:51,679 | client.py:104 | Instance i-001ae534853d5aba8 : CPU usage history during evaluate() : {'timestamp': datetime.datetime(2023, 12, 1, 10, 1, 51, 679360), 'cpu_utilization': 53.1}
tensorflow-FedAdaGrad-run | INFO flwr 2023-12-01 10:01:51,679 | client.py:104 | Instance i-001ae534853d5aba8 : CPU usage history during evaluate() : {'timestamp': datetime.datetime(2023, 12, 1, 10, 1, 51, 679360), 'cpu_utilization': 53.1}
tensorflow-FedAdaGrad-run | INFO flwr 2023-12-01 10:02:33,956 | client.py:82 | Instance i-001ae534853d5aba8 : CPU usage history during fit() : {'timestamp': datetime.datetime(2023, 12, 1, 10, 2, 33, 956586), 'cpu_utilization': 80.6}
tensorflow-FedAdaGrad-run | INFO flwr 2023-12-01 10:02:33,956 | client.py:82 | Instance i-001ae534853d5aba8 : CPU usage history during fit() : {'timestamp': datetime.datetime(2023, 12, 1, 10, 2, 33, 956586), 'cpu_utilization': 80.6}
tensorflow-FedAdaGrad-run | INFO flwr 2023-12-01 10:03:44,468 | client.py:104 | Instance i-001ae534853d5aba8 : CPU usage history during evaluate() : {'timestamp': datetime.datetime(2023, 12, 1, 10, 3, 44, 467850), 'cpu_utilization': 98.5}
tensorflow-FedAdaGrad-run | INFO flwr 2023-12-01 10:03:44,468 | client.py:104 | Instance i-001ae534853d5aba8 : CPU usage history during evaluate() : {'timestamp': datetime.datetime(2023, 12, 1, 10, 3, 44, 467850), 'cpu_utilization': 98.5}
tensorflow-FedAdaGrad-run | DEBUG flwr 2023-12-01 10:04:03,963 | connection.py:139 | gRPC channel closed
tensorflow-FedAdaGrad-run | DEBUG flwr 2023-12-01 10:04:03,963 | connection.py:139 | gRPC channel closed
tensorflow-FedAdaGrad-run | INFO flwr 2023-12-01 10:04:03,964 | app.py:215 | Disconnect and shut down
tensorflow-FedAdaGrad-run | INFO flwr 2023-12-01 10:04:03,964 | app.py:215 | Disconnect and shut down
