tensorflow-FedAdaGrad-run | INFO flwr 2023-11-30 17:23:46,309 | grpc.py:49 | Opened insecure gRPC connection (no certificates were passed)
tensorflow-FedAdaGrad-run | DEBUG flwr 2023-11-30 17:23:46,314 | connection.py:42 | ChannelConnectivity.IDLE
tensorflow-FedAdaGrad-run | DEBUG flwr 2023-11-30 17:23:46,318 | connection.py:42 | ChannelConnectivity.CONNECTING
tensorflow-FedAdaGrad-run | DEBUG flwr 2023-11-30 17:23:46,322 | connection.py:139 | gRPC channel closed
tensorflow-FedAdaGrad-run | INFO flwr 2023-11-30 17:23:56,334 | grpc.py:49 | Opened insecure gRPC connection (no certificates were passed)
tensorflow-FedAdaGrad-run | INFO flwr 2023-11-30 17:23:56,334 | grpc.py:49 | Opened insecure gRPC connection (no certificates were passed)
tensorflow-FedAdaGrad-run | DEBUG flwr 2023-11-30 17:23:56,365 | connection.py:42 | ChannelConnectivity.IDLE
tensorflow-FedAdaGrad-run | DEBUG flwr 2023-11-30 17:23:56,365 | connection.py:42 | ChannelConnectivity.IDLE
tensorflow-FedAdaGrad-run | DEBUG flwr 2023-11-30 17:23:56,370 | connection.py:42 | ChannelConnectivity.CONNECTING
tensorflow-FedAdaGrad-run | DEBUG flwr 2023-11-30 17:23:56,370 | connection.py:42 | ChannelConnectivity.CONNECTING
tensorflow-FedAdaGrad-run | DEBUG flwr 2023-11-30 17:23:56,376 | connection.py:42 | ChannelConnectivity.READY
tensorflow-FedAdaGrad-run | DEBUG flwr 2023-11-30 17:23:56,376 | connection.py:42 | ChannelConnectivity.READY
tensorflow-FedAdaGrad-run | INFO flwr 2023-11-30 17:26:49,829 | client.py:82 | Instance i-026d0220536bf2c8e : CPU usage history during fit() : {'timestamp': datetime.datetime(2023, 11, 30, 17, 26, 49, 829224), 'cpu_utilization': 59.6}
tensorflow-FedAdaGrad-run | INFO flwr 2023-11-30 17:26:49,829 | client.py:82 | Instance i-026d0220536bf2c8e : CPU usage history during fit() : {'timestamp': datetime.datetime(2023, 11, 30, 17, 26, 49, 829224), 'cpu_utilization': 59.6}
tensorflow-FedAdaGrad-run | INFO flwr 2023-11-30 17:27:55,041 | client.py:104 | Instance i-026d0220536bf2c8e : CPU usage history during evaluate() : {'timestamp': datetime.datetime(2023, 11, 30, 17, 27, 55, 41712), 'cpu_utilization': 51.6}
tensorflow-FedAdaGrad-run | INFO flwr 2023-11-30 17:27:55,041 | client.py:104 | Instance i-026d0220536bf2c8e : CPU usage history during evaluate() : {'timestamp': datetime.datetime(2023, 11, 30, 17, 27, 55, 41712), 'cpu_utilization': 51.6}
tensorflow-FedAdaGrad-run | INFO flwr 2023-11-30 17:30:18,478 | client.py:82 | Instance i-026d0220536bf2c8e : CPU usage history during fit() : {'timestamp': datetime.datetime(2023, 11, 30, 17, 30, 18, 470918), 'cpu_utilization': 59.4}
tensorflow-FedAdaGrad-run | INFO flwr 2023-11-30 17:30:18,478 | client.py:82 | Instance i-026d0220536bf2c8e : CPU usage history during fit() : {'timestamp': datetime.datetime(2023, 11, 30, 17, 30, 18, 470918), 'cpu_utilization': 59.4}
tensorflow-FedAdaGrad-run | INFO flwr 2023-11-30 17:31:23,157 | client.py:104 | Instance i-026d0220536bf2c8e : CPU usage history during evaluate() : {'timestamp': datetime.datetime(2023, 11, 30, 17, 31, 23, 156795), 'cpu_utilization': 51.7}
tensorflow-FedAdaGrad-run | INFO flwr 2023-11-30 17:31:23,157 | client.py:104 | Instance i-026d0220536bf2c8e : CPU usage history during evaluate() : {'timestamp': datetime.datetime(2023, 11, 30, 17, 31, 23, 156795), 'cpu_utilization': 51.7}
tensorflow-FedAdaGrad-run | INFO flwr 2023-11-30 17:33:46,107 | client.py:82 | Instance i-026d0220536bf2c8e : CPU usage history during fit() : {'timestamp': datetime.datetime(2023, 11, 30, 17, 33, 46, 107504), 'cpu_utilization': 59.0}
tensorflow-FedAdaGrad-run | INFO flwr 2023-11-30 17:33:46,107 | client.py:82 | Instance i-026d0220536bf2c8e : CPU usage history during fit() : {'timestamp': datetime.datetime(2023, 11, 30, 17, 33, 46, 107504), 'cpu_utilization': 59.0}
tensorflow-FedAdaGrad-run | INFO flwr 2023-11-30 17:34:51,219 | client.py:104 | Instance i-026d0220536bf2c8e : CPU usage history during evaluate() : {'timestamp': datetime.datetime(2023, 11, 30, 17, 34, 51, 219378), 'cpu_utilization': 51.5}
tensorflow-FedAdaGrad-run | INFO flwr 2023-11-30 17:34:51,219 | client.py:104 | Instance i-026d0220536bf2c8e : CPU usage history during evaluate() : {'timestamp': datetime.datetime(2023, 11, 30, 17, 34, 51, 219378), 'cpu_utilization': 51.5}
tensorflow-FedAdaGrad-run | INFO flwr 2023-11-30 17:36:31,030 | client.py:82 | Instance i-026d0220536bf2c8e : CPU usage history during fit() : {'timestamp': datetime.datetime(2023, 11, 30, 17, 36, 31, 30530), 'cpu_utilization': 85.3}
tensorflow-FedAdaGrad-run | INFO flwr 2023-11-30 17:36:31,030 | client.py:82 | Instance i-026d0220536bf2c8e : CPU usage history during fit() : {'timestamp': datetime.datetime(2023, 11, 30, 17, 36, 31, 30530), 'cpu_utilization': 85.3}
tensorflow-FedAdaGrad-run | INFO flwr 2023-11-30 17:37:54,399 | client.py:104 | Instance i-026d0220536bf2c8e : CPU usage history during evaluate() : {'timestamp': datetime.datetime(2023, 11, 30, 17, 37, 54, 399263), 'cpu_utilization': 53.2}
tensorflow-FedAdaGrad-run | INFO flwr 2023-11-30 17:37:54,399 | client.py:104 | Instance i-026d0220536bf2c8e : CPU usage history during evaluate() : {'timestamp': datetime.datetime(2023, 11, 30, 17, 37, 54, 399263), 'cpu_utilization': 53.2}
tensorflow-FedAdaGrad-run | INFO flwr 2023-11-30 17:39:35,047 | client.py:82 | Instance i-026d0220536bf2c8e : CPU usage history during fit() : {'timestamp': datetime.datetime(2023, 11, 30, 17, 39, 35, 47565), 'cpu_utilization': 85.4}
tensorflow-FedAdaGrad-run | INFO flwr 2023-11-30 17:39:35,047 | client.py:82 | Instance i-026d0220536bf2c8e : CPU usage history during fit() : {'timestamp': datetime.datetime(2023, 11, 30, 17, 39, 35, 47565), 'cpu_utilization': 85.4}
tensorflow-FedAdaGrad-run | INFO flwr 2023-11-30 17:41:22,755 | client.py:104 | Instance i-026d0220536bf2c8e : CPU usage history during evaluate() : {'timestamp': datetime.datetime(2023, 11, 30, 17, 41, 22, 755600), 'cpu_utilization': 98.2}
tensorflow-FedAdaGrad-run | INFO flwr 2023-11-30 17:41:22,755 | client.py:104 | Instance i-026d0220536bf2c8e : CPU usage history during evaluate() : {'timestamp': datetime.datetime(2023, 11, 30, 17, 41, 22, 755600), 'cpu_utilization': 98.2}
tensorflow-FedAdaGrad-run | INFO flwr 2023-11-30 17:43:46,185 | client.py:82 | Instance i-026d0220536bf2c8e : CPU usage history during fit() : {'timestamp': datetime.datetime(2023, 11, 30, 17, 43, 46, 185571), 'cpu_utilization': 59.9}
tensorflow-FedAdaGrad-run | INFO flwr 2023-11-30 17:43:46,185 | client.py:82 | Instance i-026d0220536bf2c8e : CPU usage history during fit() : {'timestamp': datetime.datetime(2023, 11, 30, 17, 43, 46, 185571), 'cpu_utilization': 59.9}
tensorflow-FedAdaGrad-run | INFO flwr 2023-11-30 17:44:51,251 | client.py:104 | Instance i-026d0220536bf2c8e : CPU usage history during evaluate() : {'timestamp': datetime.datetime(2023, 11, 30, 17, 44, 51, 251022), 'cpu_utilization': 52.9}
tensorflow-FedAdaGrad-run | INFO flwr 2023-11-30 17:44:51,251 | client.py:104 | Instance i-026d0220536bf2c8e : CPU usage history during evaluate() : {'timestamp': datetime.datetime(2023, 11, 30, 17, 44, 51, 251022), 'cpu_utilization': 52.9}
tensorflow-FedAdaGrad-run | INFO flwr 2023-11-30 17:46:30,945 | client.py:82 | Instance i-026d0220536bf2c8e : CPU usage history during fit() : {'timestamp': datetime.datetime(2023, 11, 30, 17, 46, 30, 945102), 'cpu_utilization': 85.4}
tensorflow-FedAdaGrad-run | INFO flwr 2023-11-30 17:46:30,945 | client.py:82 | Instance i-026d0220536bf2c8e : CPU usage history during fit() : {'timestamp': datetime.datetime(2023, 11, 30, 17, 46, 30, 945102), 'cpu_utilization': 85.4}
tensorflow-FedAdaGrad-run | INFO flwr 2023-11-30 17:48:00,070 | client.py:104 | Instance i-026d0220536bf2c8e : CPU usage history during evaluate() : {'timestamp': datetime.datetime(2023, 11, 30, 17, 48, 0, 70349), 'cpu_utilization': 98.4}
tensorflow-FedAdaGrad-run | INFO flwr 2023-11-30 17:48:00,070 | client.py:104 | Instance i-026d0220536bf2c8e : CPU usage history during evaluate() : {'timestamp': datetime.datetime(2023, 11, 30, 17, 48, 0, 70349), 'cpu_utilization': 98.4}
tensorflow-FedAdaGrad-run | INFO flwr 2023-11-30 17:49:59,275 | client.py:82 | Instance i-026d0220536bf2c8e : CPU usage history during fit() : {'timestamp': datetime.datetime(2023, 11, 30, 17, 49, 59, 274992), 'cpu_utilization': 85.4}
tensorflow-FedAdaGrad-run | INFO flwr 2023-11-30 17:49:59,275 | client.py:82 | Instance i-026d0220536bf2c8e : CPU usage history during fit() : {'timestamp': datetime.datetime(2023, 11, 30, 17, 49, 59, 274992), 'cpu_utilization': 85.4}
tensorflow-FedAdaGrad-run | INFO flwr 2023-11-30 17:51:47,361 | client.py:104 | Instance i-026d0220536bf2c8e : CPU usage history during evaluate() : {'timestamp': datetime.datetime(2023, 11, 30, 17, 51, 47, 361110), 'cpu_utilization': 53.2}
tensorflow-FedAdaGrad-run | INFO flwr 2023-11-30 17:51:47,361 | client.py:104 | Instance i-026d0220536bf2c8e : CPU usage history during evaluate() : {'timestamp': datetime.datetime(2023, 11, 30, 17, 51, 47, 361110), 'cpu_utilization': 53.2}
tensorflow-FedAdaGrad-run | INFO flwr 2023-11-30 17:54:10,691 | client.py:82 | Instance i-026d0220536bf2c8e : CPU usage history during fit() : {'timestamp': datetime.datetime(2023, 11, 30, 17, 54, 10, 690858), 'cpu_utilization': 59.8}
tensorflow-FedAdaGrad-run | INFO flwr 2023-11-30 17:54:10,691 | client.py:82 | Instance i-026d0220536bf2c8e : CPU usage history during fit() : {'timestamp': datetime.datetime(2023, 11, 30, 17, 54, 10, 690858), 'cpu_utilization': 59.8}
tensorflow-FedAdaGrad-run | INFO flwr 2023-11-30 17:55:15,123 | client.py:104 | Instance i-026d0220536bf2c8e : CPU usage history during evaluate() : {'timestamp': datetime.datetime(2023, 11, 30, 17, 55, 15, 123043), 'cpu_utilization': 98.5}
tensorflow-FedAdaGrad-run | INFO flwr 2023-11-30 17:55:15,123 | client.py:104 | Instance i-026d0220536bf2c8e : CPU usage history during evaluate() : {'timestamp': datetime.datetime(2023, 11, 30, 17, 55, 15, 123043), 'cpu_utilization': 98.5}
tensorflow-FedAdaGrad-run | INFO flwr 2023-11-30 17:57:38,223 | client.py:82 | Instance i-026d0220536bf2c8e : CPU usage history during fit() : {'timestamp': datetime.datetime(2023, 11, 30, 17, 57, 38, 223641), 'cpu_utilization': 59.8}
tensorflow-FedAdaGrad-run | INFO flwr 2023-11-30 17:57:38,223 | client.py:82 | Instance i-026d0220536bf2c8e : CPU usage history during fit() : {'timestamp': datetime.datetime(2023, 11, 30, 17, 57, 38, 223641), 'cpu_utilization': 59.8}
tensorflow-FedAdaGrad-run | INFO flwr 2023-11-30 17:59:01,666 | client.py:104 | Instance i-026d0220536bf2c8e : CPU usage history during evaluate() : {'timestamp': datetime.datetime(2023, 11, 30, 17, 59, 1, 659470), 'cpu_utilization': 53.2}
tensorflow-FedAdaGrad-run | INFO flwr 2023-11-30 17:59:01,666 | client.py:104 | Instance i-026d0220536bf2c8e : CPU usage history during evaluate() : {'timestamp': datetime.datetime(2023, 11, 30, 17, 59, 1, 659470), 'cpu_utilization': 53.2}
tensorflow-FedAdaGrad-run | DEBUG flwr 2023-11-30 17:59:02,967 | connection.py:139 | gRPC channel closed
tensorflow-FedAdaGrad-run | DEBUG flwr 2023-11-30 17:59:02,967 | connection.py:139 | gRPC channel closed
tensorflow-FedAdaGrad-run | INFO flwr 2023-11-30 17:59:02,968 | app.py:215 | Disconnect and shut down
tensorflow-FedAdaGrad-run | INFO flwr 2023-11-30 17:59:02,968 | app.py:215 | Disconnect and shut down
