tensorflow-FedAdaGrad-run | INFO flwr 2023-12-01 21:43:05,584 | grpc.py:49 | Opened insecure gRPC connection (no certificates were passed)
tensorflow-FedAdaGrad-run | DEBUG flwr 2023-12-01 21:43:05,586 | connection.py:42 | ChannelConnectivity.IDLE
tensorflow-FedAdaGrad-run | DEBUG flwr 2023-12-01 21:43:05,587 | connection.py:42 | ChannelConnectivity.CONNECTING
tensorflow-FedAdaGrad-run | DEBUG flwr 2023-12-01 21:43:05,604 | connection.py:42 | ChannelConnectivity.READY
tensorflow-FedAdaGrad-run | INFO flwr 2023-12-01 21:44:28,162 | client.py:82 | Instance i-085d3b3f9587c123c : CPU usage history during fit() : {'timestamp': datetime.datetime(2023, 12, 1, 21, 44, 28, 162196), 'cpu_utilization': 50.8}
tensorflow-FedAdaGrad-run | INFO flwr 2023-12-01 21:46:33,877 | client.py:104 | Instance i-085d3b3f9587c123c : CPU usage history during evaluate() : {'timestamp': datetime.datetime(2023, 12, 1, 21, 46, 33, 877577), 'cpu_utilization': 53.5}
tensorflow-FedAdaGrad-run | INFO flwr 2023-12-01 21:48:02,616 | client.py:82 | Instance i-085d3b3f9587c123c : CPU usage history during fit() : {'timestamp': datetime.datetime(2023, 12, 1, 21, 48, 2, 616197), 'cpu_utilization': 50.0}
tensorflow-FedAdaGrad-run | INFO flwr 2023-12-01 21:49:26,063 | client.py:104 | Instance i-085d3b3f9587c123c : CPU usage history during evaluate() : {'timestamp': datetime.datetime(2023, 12, 1, 21, 49, 26, 63709), 'cpu_utilization': 53.8}
tensorflow-FedAdaGrad-run | INFO flwr 2023-12-01 21:50:30,536 | client.py:82 | Instance i-085d3b3f9587c123c : CPU usage history during fit() : {'timestamp': datetime.datetime(2023, 12, 1, 21, 50, 30, 526992), 'cpu_utilization': 50.1}
tensorflow-FedAdaGrad-run | INFO flwr 2023-12-01 21:51:52,042 | client.py:104 | Instance i-085d3b3f9587c123c : CPU usage history during evaluate() : {'timestamp': datetime.datetime(2023, 12, 1, 21, 51, 52, 41903), 'cpu_utilization': 98.4}
tensorflow-FedAdaGrad-run | INFO flwr 2023-12-01 21:52:56,752 | client.py:82 | Instance i-085d3b3f9587c123c : CPU usage history during fit() : {'timestamp': datetime.datetime(2023, 12, 1, 21, 52, 56, 752282), 'cpu_utilization': 49.7}
tensorflow-FedAdaGrad-run | INFO flwr 2023-12-01 21:55:00,216 | client.py:104 | Instance i-085d3b3f9587c123c : CPU usage history during evaluate() : {'timestamp': datetime.datetime(2023, 12, 1, 21, 55, 0, 216523), 'cpu_utilization': 53.3}
tensorflow-FedAdaGrad-run | INFO flwr 2023-12-01 21:55:24,765 | client.py:82 | Instance i-085d3b3f9587c123c : CPU usage history during fit() : {'timestamp': datetime.datetime(2023, 12, 1, 21, 55, 24, 765354), 'cpu_utilization': 86.0}
tensorflow-FedAdaGrad-run | INFO flwr 2023-12-01 21:57:11,550 | client.py:104 | Instance i-085d3b3f9587c123c : CPU usage history during evaluate() : {'timestamp': datetime.datetime(2023, 12, 1, 21, 57, 11, 549780), 'cpu_utilization': 53.6}
tensorflow-FedAdaGrad-run | INFO flwr 2023-12-01 21:58:40,603 | client.py:82 | Instance i-085d3b3f9587c123c : CPU usage history during fit() : {'timestamp': datetime.datetime(2023, 12, 1, 21, 58, 40, 602825), 'cpu_utilization': 85.9}
tensorflow-FedAdaGrad-run | INFO flwr 2023-12-01 21:59:45,761 | client.py:104 | Instance i-085d3b3f9587c123c : CPU usage history during evaluate() : {'timestamp': datetime.datetime(2023, 12, 1, 21, 59, 45, 761695), 'cpu_utilization': 53.3}
tensorflow-FedAdaGrad-run | INFO flwr 2023-12-01 22:00:52,264 | client.py:82 | Instance i-085d3b3f9587c123c : CPU usage history during fit() : {'timestamp': datetime.datetime(2023, 12, 1, 22, 0, 52, 264618), 'cpu_utilization': 86.1}
tensorflow-FedAdaGrad-run | INFO flwr 2023-12-01 22:02:19,591 | client.py:104 | Instance i-085d3b3f9587c123c : CPU usage history during evaluate() : {'timestamp': datetime.datetime(2023, 12, 1, 22, 2, 19, 591049), 'cpu_utilization': 98.0}
tensorflow-FedAdaGrad-run | INFO flwr 2023-12-01 22:03:48,849 | client.py:82 | Instance i-085d3b3f9587c123c : CPU usage history during fit() : {'timestamp': datetime.datetime(2023, 12, 1, 22, 3, 48, 849549), 'cpu_utilization': 49.0}
tensorflow-FedAdaGrad-run | INFO flwr 2023-12-01 22:04:51,682 | client.py:104 | Instance i-085d3b3f9587c123c : CPU usage history during evaluate() : {'timestamp': datetime.datetime(2023, 12, 1, 22, 4, 51, 681749), 'cpu_utilization': 98.0}
tensorflow-FedAdaGrad-run | INFO flwr 2023-12-01 22:06:39,299 | client.py:82 | Instance i-085d3b3f9587c123c : CPU usage history during fit() : {'timestamp': datetime.datetime(2023, 12, 1, 22, 6, 39, 299751), 'cpu_utilization': 49.0}
tensorflow-FedAdaGrad-run | INFO flwr 2023-12-01 22:08:18,064 | client.py:104 | Instance i-085d3b3f9587c123c : CPU usage history during evaluate() : {'timestamp': datetime.datetime(2023, 12, 1, 22, 8, 18, 63961), 'cpu_utilization': 53.2}
tensorflow-FedAdaGrad-run | INFO flwr 2023-12-01 22:09:23,431 | client.py:82 | Instance i-085d3b3f9587c123c : CPU usage history during fit() : {'timestamp': datetime.datetime(2023, 12, 1, 22, 9, 23, 431433), 'cpu_utilization': 49.1}
tensorflow-FedAdaGrad-run | INFO flwr 2023-12-01 22:10:27,996 | client.py:104 | Instance i-085d3b3f9587c123c : CPU usage history during evaluate() : {'timestamp': datetime.datetime(2023, 12, 1, 22, 10, 27, 996551), 'cpu_utilization': 98.1}
tensorflow-FedAdaGrad-run | DEBUG flwr 2023-12-01 22:11:10,214 | connection.py:139 | gRPC channel closed
tensorflow-FedAdaGrad-run | INFO flwr 2023-12-01 22:11:10,214 | app.py:215 | Disconnect and shut down
