tensorflow-FedAdaGrad-run | INFO flwr 2023-12-01 21:43:15,525 | grpc.py:49 | Opened insecure gRPC connection (no certificates were passed)
tensorflow-FedAdaGrad-run | DEBUG flwr 2023-12-01 21:43:15,557 | connection.py:42 | ChannelConnectivity.IDLE
tensorflow-FedAdaGrad-run | DEBUG flwr 2023-12-01 21:43:15,559 | connection.py:42 | ChannelConnectivity.READY
tensorflow-FedAdaGrad-run | INFO flwr 2023-12-01 21:44:28,254 | client.py:82 | Instance i-0ef4e20d3225463df : CPU usage history during fit() : {'timestamp': datetime.datetime(2023, 12, 1, 21, 44, 28, 254609), 'cpu_utilization': 73.1}
tensorflow-FedAdaGrad-run | INFO flwr 2023-12-01 21:46:37,330 | client.py:104 | Instance i-0ef4e20d3225463df : CPU usage history during evaluate() : {'timestamp': datetime.datetime(2023, 12, 1, 21, 46, 37, 329725), 'cpu_utilization': 98.5}
tensorflow-FedAdaGrad-run | INFO flwr 2023-12-01 21:47:37,476 | client.py:82 | Instance i-0ef4e20d3225463df : CPU usage history during fit() : {'timestamp': datetime.datetime(2023, 12, 1, 21, 47, 37, 476709), 'cpu_utilization': 72.5}
tensorflow-FedAdaGrad-run | INFO flwr 2023-12-01 21:49:26,186 | client.py:104 | Instance i-0ef4e20d3225463df : CPU usage history during evaluate() : {'timestamp': datetime.datetime(2023, 12, 1, 21, 49, 26, 186606), 'cpu_utilization': 53.0}
tensorflow-FedAdaGrad-run | INFO flwr 2023-12-01 21:50:23,823 | client.py:82 | Instance i-0ef4e20d3225463df : CPU usage history during fit() : {'timestamp': datetime.datetime(2023, 12, 1, 21, 50, 23, 822958), 'cpu_utilization': 86.0}
tensorflow-FedAdaGrad-run | INFO flwr 2023-12-01 21:52:11,217 | client.py:104 | Instance i-0ef4e20d3225463df : CPU usage history during evaluate() : {'timestamp': datetime.datetime(2023, 12, 1, 21, 52, 11, 217276), 'cpu_utilization': 53.3}
tensorflow-FedAdaGrad-run | INFO flwr 2023-12-01 21:52:49,880 | client.py:82 | Instance i-0ef4e20d3225463df : CPU usage history during fit() : {'timestamp': datetime.datetime(2023, 12, 1, 21, 52, 49, 880115), 'cpu_utilization': 86.1}
tensorflow-FedAdaGrad-run | INFO flwr 2023-12-01 21:54:37,907 | client.py:104 | Instance i-0ef4e20d3225463df : CPU usage history during evaluate() : {'timestamp': datetime.datetime(2023, 12, 1, 21, 54, 37, 906858), 'cpu_utilization': 53.0}
tensorflow-FedAdaGrad-run | INFO flwr 2023-12-01 21:56:06,550 | client.py:82 | Instance i-0ef4e20d3225463df : CPU usage history during fit() : {'timestamp': datetime.datetime(2023, 12, 1, 21, 56, 6, 549897), 'cpu_utilization': 72.1}
tensorflow-FedAdaGrad-run | INFO flwr 2023-12-01 21:57:33,768 | client.py:104 | Instance i-0ef4e20d3225463df : CPU usage history during evaluate() : {'timestamp': datetime.datetime(2023, 12, 1, 21, 57, 33, 768514), 'cpu_utilization': 98.5}
tensorflow-FedAdaGrad-run | INFO flwr 2023-12-01 21:58:15,990 | client.py:82 | Instance i-0ef4e20d3225463df : CPU usage history during fit() : {'timestamp': datetime.datetime(2023, 12, 1, 21, 58, 15, 989837), 'cpu_utilization': 72.1}
tensorflow-FedAdaGrad-run | INFO flwr 2023-12-01 21:59:45,680 | client.py:104 | Instance i-0ef4e20d3225463df : CPU usage history during evaluate() : {'timestamp': datetime.datetime(2023, 12, 1, 21, 59, 45, 680688), 'cpu_utilization': 52.8}
tensorflow-FedAdaGrad-run | INFO flwr 2023-12-01 22:01:09,559 | client.py:82 | Instance i-0ef4e20d3225463df : CPU usage history during fit() : {'timestamp': datetime.datetime(2023, 12, 1, 22, 1, 9, 559296), 'cpu_utilization': 72.0}
tensorflow-FedAdaGrad-run | INFO flwr 2023-12-01 22:02:19,244 | client.py:104 | Instance i-0ef4e20d3225463df : CPU usage history during evaluate() : {'timestamp': datetime.datetime(2023, 12, 1, 22, 2, 19, 243873), 'cpu_utilization': 98.6}
tensorflow-FedAdaGrad-run | INFO flwr 2023-12-01 22:03:24,180 | client.py:82 | Instance i-0ef4e20d3225463df : CPU usage history during fit() : {'timestamp': datetime.datetime(2023, 12, 1, 22, 3, 24, 180022), 'cpu_utilization': 71.8}
tensorflow-FedAdaGrad-run | INFO flwr 2023-12-01 22:04:51,658 | client.py:104 | Instance i-0ef4e20d3225463df : CPU usage history during evaluate() : {'timestamp': datetime.datetime(2023, 12, 1, 22, 4, 51, 658255), 'cpu_utilization': 98.5}
tensorflow-FedAdaGrad-run | INFO flwr 2023-12-01 22:06:08,102 | client.py:82 | Instance i-0ef4e20d3225463df : CPU usage history during fit() : {'timestamp': datetime.datetime(2023, 12, 1, 22, 6, 8, 102327), 'cpu_utilization': 86.0}
tensorflow-FedAdaGrad-run | INFO flwr 2023-12-01 22:07:36,319 | client.py:104 | Instance i-0ef4e20d3225463df : CPU usage history during evaluate() : {'timestamp': datetime.datetime(2023, 12, 1, 22, 7, 36, 318794), 'cpu_utilization': 98.4}
tensorflow-FedAdaGrad-run | INFO flwr 2023-12-01 22:09:21,328 | client.py:82 | Instance i-0ef4e20d3225463df : CPU usage history during fit() : {'timestamp': datetime.datetime(2023, 12, 1, 22, 9, 21, 328469), 'cpu_utilization': 72.2}
tensorflow-FedAdaGrad-run | INFO flwr 2023-12-01 22:10:27,613 | client.py:104 | Instance i-0ef4e20d3225463df : CPU usage history during evaluate() : {'timestamp': datetime.datetime(2023, 12, 1, 22, 10, 27, 613170), 'cpu_utilization': 98.6}
tensorflow-FedAdaGrad-run | DEBUG flwr 2023-12-01 22:11:10,204 | connection.py:139 | gRPC channel closed
tensorflow-FedAdaGrad-run | INFO flwr 2023-12-01 22:11:10,204 | app.py:215 | Disconnect and shut down
