tensorflow-FedAdaGrad-run | INFO flwr 2023-12-01 21:43:05,576 | app.py:162 | Starting Flower server, config: ServerConfig(num_rounds=10, round_timeout=None)
tensorflow-FedAdaGrad-run | INFO flwr 2023-12-01 21:43:05,578 | app.py:175 | Flower ECE: gRPC server running (10 rounds), SSL is disabled
tensorflow-FedAdaGrad-run | INFO flwr 2023-12-01 21:43:05,578 | server.py:89 | Initializing global parameters
tensorflow-FedAdaGrad-run | INFO flwr 2023-12-01 21:43:05,578 | server.py:272 | Using initial parameters provided by strategy
tensorflow-FedAdaGrad-run | INFO flwr 2023-12-01 21:43:05,578 | server.py:91 | Evaluating initial parameters
tensorflow-FedAdaGrad-run | INFO flwr 2023-12-01 21:43:46,851 | server.py:94 | initial parameters (loss, other metrics): 2.3006434440612793, {'accuracy': 0.614130437374115}
tensorflow-FedAdaGrad-run | INFO flwr 2023-12-01 21:43:46,851 | server.py:104 | FL starting
tensorflow-FedAdaGrad-run | DEBUG flwr 2023-12-01 21:43:46,859 | server.py:222 | fit_round 1: strategy sampled 8 clients (out of 8)
tensorflow-FedAdaGrad-run | DEBUG flwr 2023-12-01 21:45:11,017 | server.py:236 | fit_round 1 received 8 results and 0 failures
tensorflow-FedAdaGrad-run | WARNING flwr 2023-12-01 21:45:11,260 | fedavg.py:242 | No fit_metrics_aggregation_fn provided
tensorflow-FedAdaGrad-run | INFO flwr 2023-12-01 21:45:52,518 | server.py:125 | fit progress: (1, 42435.38671875, {'accuracy': 0.5913194417953491}, 125.66610288899983)
tensorflow-FedAdaGrad-run | DEBUG flwr 2023-12-01 21:45:52,518 | server.py:173 | evaluate_round 1: strategy sampled 8 clients (out of 8)
tensorflow-FedAdaGrad-run | DEBUG flwr 2023-12-01 21:46:56,137 | server.py:187 | evaluate_round 1 received 8 results and 0 failures
tensorflow-FedAdaGrad-run | WARNING flwr 2023-12-01 21:46:56,137 | fedavg.py:273 | No evaluate_metrics_aggregation_fn provided
tensorflow-FedAdaGrad-run | DEBUG flwr 2023-12-01 21:46:56,137 | server.py:222 | fit_round 2: strategy sampled 8 clients (out of 8)
tensorflow-FedAdaGrad-run | DEBUG flwr 2023-12-01 21:48:03,271 | server.py:236 | fit_round 2 received 8 results and 0 failures
tensorflow-FedAdaGrad-run | INFO flwr 2023-12-01 21:48:44,759 | server.py:125 | fit progress: (2, 1695.9742431640625, {'accuracy': 0.5762777924537659}, 297.9071299930001)
tensorflow-FedAdaGrad-run | DEBUG flwr 2023-12-01 21:48:44,759 | server.py:173 | evaluate_round 2: strategy sampled 8 clients (out of 8)
tensorflow-FedAdaGrad-run | DEBUG flwr 2023-12-01 21:49:49,189 | server.py:187 | evaluate_round 2 received 8 results and 0 failures
tensorflow-FedAdaGrad-run | DEBUG flwr 2023-12-01 21:49:49,189 | server.py:222 | fit_round 3: strategy sampled 8 clients (out of 8)
tensorflow-FedAdaGrad-run | DEBUG flwr 2023-12-01 21:51:07,149 | server.py:236 | fit_round 3 received 8 results and 0 failures
tensorflow-FedAdaGrad-run | INFO flwr 2023-12-01 21:51:29,706 | server.py:125 | fit progress: (3, 114.64507293701172, {'accuracy': 0.5559828877449036}, 462.854547507)
tensorflow-FedAdaGrad-run | DEBUG flwr 2023-12-01 21:51:29,706 | server.py:173 | evaluate_round 3: strategy sampled 8 clients (out of 8)
tensorflow-FedAdaGrad-run | DEBUG flwr 2023-12-01 21:52:15,456 | server.py:187 | evaluate_round 3 received 8 results and 0 failures
tensorflow-FedAdaGrad-run | DEBUG flwr 2023-12-01 21:52:15,456 | server.py:222 | fit_round 4: strategy sampled 8 clients (out of 8)
tensorflow-FedAdaGrad-run | DEBUG flwr 2023-12-01 21:53:15,126 | server.py:236 | fit_round 4 received 8 results and 0 failures
tensorflow-FedAdaGrad-run | INFO flwr 2023-12-01 21:53:56,604 | server.py:125 | fit progress: (4, 17.664369583129883, {'accuracy': 0.5363168716430664}, 609.7526430889998)
tensorflow-FedAdaGrad-run | DEBUG flwr 2023-12-01 21:53:56,605 | server.py:173 | evaluate_round 4: strategy sampled 8 clients (out of 8)
tensorflow-FedAdaGrad-run | DEBUG flwr 2023-12-01 21:55:00,694 | server.py:187 | evaluate_round 4 received 8 results and 0 failures
tensorflow-FedAdaGrad-run | DEBUG flwr 2023-12-01 21:55:00,694 | server.py:222 | fit_round 5: strategy sampled 8 clients (out of 8)
tensorflow-FedAdaGrad-run | DEBUG flwr 2023-12-01 21:56:07,770 | server.py:236 | fit_round 5 received 8 results and 0 failures
tensorflow-FedAdaGrad-run | INFO flwr 2023-12-01 21:56:30,238 | server.py:125 | fit progress: (5, 2.202200412750244, {'accuracy': 0.526884913444519}, 763.3865190419997)
tensorflow-FedAdaGrad-run | DEBUG flwr 2023-12-01 21:56:30,238 | server.py:173 | evaluate_round 5: strategy sampled 8 clients (out of 8)
tensorflow-FedAdaGrad-run | DEBUG flwr 2023-12-01 21:57:34,909 | server.py:187 | evaluate_round 5 received 8 results and 0 failures
tensorflow-FedAdaGrad-run | DEBUG flwr 2023-12-01 21:57:34,910 | server.py:222 | fit_round 6: strategy sampled 8 clients (out of 8)
tensorflow-FedAdaGrad-run | DEBUG flwr 2023-12-01 21:58:41,709 | server.py:236 | fit_round 6 received 8 results and 0 failures
tensorflow-FedAdaGrad-run | INFO flwr 2023-12-01 21:59:04,384 | server.py:125 | fit progress: (6, 2.1729209423065186, {'accuracy': 0.5181034207344055}, 917.5323214799996)
tensorflow-FedAdaGrad-run | DEBUG flwr 2023-12-01 21:59:04,389 | server.py:173 | evaluate_round 6: strategy sampled 8 clients (out of 8)
tensorflow-FedAdaGrad-run | DEBUG flwr 2023-12-01 22:00:28,215 | server.py:187 | evaluate_round 6 received 8 results and 0 failures
tensorflow-FedAdaGrad-run | DEBUG flwr 2023-12-01 22:00:28,216 | server.py:222 | fit_round 7: strategy sampled 8 clients (out of 8)
tensorflow-FedAdaGrad-run | DEBUG flwr 2023-12-01 22:01:34,304 | server.py:236 | fit_round 7 received 8 results and 0 failures
tensorflow-FedAdaGrad-run | INFO flwr 2023-12-01 22:01:56,906 | server.py:125 | fit progress: (7, 2.145705461502075, {'accuracy': 0.5099074244499207}, 1090.0546101539999)
tensorflow-FedAdaGrad-run | DEBUG flwr 2023-12-01 22:01:56,911 | server.py:173 | evaluate_round 7: strategy sampled 8 clients (out of 8)
tensorflow-FedAdaGrad-run | DEBUG flwr 2023-12-01 22:02:42,913 | server.py:187 | evaluate_round 7 received 8 results and 0 failures
tensorflow-FedAdaGrad-run | DEBUG flwr 2023-12-01 22:02:42,914 | server.py:222 | fit_round 8: strategy sampled 8 clients (out of 8)
tensorflow-FedAdaGrad-run | DEBUG flwr 2023-12-01 22:04:06,640 | server.py:236 | fit_round 8 received 8 results and 0 failures
tensorflow-FedAdaGrad-run | INFO flwr 2023-12-01 22:04:29,194 | server.py:125 | fit progress: (8, 2.1223886013031006, {'accuracy': 0.5022401213645935}, 1242.3428266710002)
tensorflow-FedAdaGrad-run | DEBUG flwr 2023-12-01 22:04:29,195 | server.py:173 | evaluate_round 8: strategy sampled 8 clients (out of 8)
tensorflow-FedAdaGrad-run | DEBUG flwr 2023-12-01 22:05:33,580 | server.py:187 | evaluate_round 8 received 8 results and 0 failures
tensorflow-FedAdaGrad-run | DEBUG flwr 2023-12-01 22:05:33,580 | server.py:222 | fit_round 9: strategy sampled 8 clients (out of 8)
tensorflow-FedAdaGrad-run | DEBUG flwr 2023-12-01 22:06:51,402 | server.py:236 | fit_round 9 received 8 results and 0 failures
tensorflow-FedAdaGrad-run | INFO flwr 2023-12-01 22:07:14,011 | server.py:125 | fit progress: (9, 2.1031243801116943, {'accuracy': 0.4950520694255829}, 1407.159939959)
tensorflow-FedAdaGrad-run | DEBUG flwr 2023-12-01 22:07:14,016 | server.py:173 | evaluate_round 9: strategy sampled 8 clients (out of 8)
tensorflow-FedAdaGrad-run | DEBUG flwr 2023-12-01 22:08:18,450 | server.py:187 | evaluate_round 9 received 8 results and 0 failures
tensorflow-FedAdaGrad-run | DEBUG flwr 2023-12-01 22:08:18,450 | server.py:222 | fit_round 10: strategy sampled 8 clients (out of 8)
tensorflow-FedAdaGrad-run | DEBUG flwr 2023-12-01 22:09:23,945 | server.py:236 | fit_round 10 received 8 results and 0 failures
tensorflow-FedAdaGrad-run | INFO flwr 2023-12-01 22:10:05,399 | server.py:125 | fit progress: (10, 2.0875375270843506, {'accuracy': 0.4882996678352356}, 1578.5471481979998)
tensorflow-FedAdaGrad-run | DEBUG flwr 2023-12-01 22:10:05,399 | server.py:173 | evaluate_round 10: strategy sampled 8 clients (out of 8)
tensorflow-FedAdaGrad-run | DEBUG flwr 2023-12-01 22:11:10,149 | server.py:187 | evaluate_round 10 received 8 results and 0 failures
tensorflow-FedAdaGrad-run | INFO flwr 2023-12-01 22:11:10,149 | server.py:153 | FL finished in 1643.2976669240002
tensorflow-FedAdaGrad-run | INFO flwr 2023-12-01 22:11:10,158 | app.py:225 | app_fit: losses_distributed [(1, 42435.38671875), (2, 1695.9742431640625), (3, 114.64507293701172), (4, 17.664369583129883), (5, 2.202200412750244), (6, 2.1729209423065186), (7, 2.145705461502075), (8, 2.1223886013031006), (9, 2.1031243801116943), (10, 2.0875375270843506)]
tensorflow-FedAdaGrad-run | INFO flwr 2023-12-01 22:11:10,158 | app.py:226 | app_fit: metrics_distributed_fit {}
tensorflow-FedAdaGrad-run | INFO flwr 2023-12-01 22:11:10,170 | app.py:227 | app_fit: metrics_distributed {}
tensorflow-FedAdaGrad-run | INFO flwr 2023-12-01 22:11:10,173 | app.py:228 | app_fit: losses_centralized [(0, 2.3006434440612793), (1, 42435.38671875), (2, 1695.9742431640625), (3, 114.64507293701172), (4, 17.664369583129883), (5, 2.202200412750244), (6, 2.1729209423065186), (7, 2.145705461502075), (8, 2.1223886013031006), (9, 2.1031243801116943), (10, 2.0875375270843506)]
tensorflow-FedAdaGrad-run | INFO flwr 2023-12-01 22:11:10,183 | app.py:229 | app_fit: metrics_centralized {'accuracy': [(0, 0.614130437374115), (1, 0.5913194417953491), (2, 0.5762777924537659), (3, 0.5559828877449036), (4, 0.5363168716430664), (5, 0.526884913444519), (6, 0.5181034207344055), (7, 0.5099074244499207), (8, 0.5022401213645935), (9, 0.4950520694255829), (10, 0.4882996678352356)]}
