tensorflow-FedAdam-run | INFO flwr 2023-11-30 17:59:03,145 | grpc.py:49 | Opened insecure gRPC connection (no certificates were passed)
tensorflow-FedAdam-run | DEBUG flwr 2023-11-30 17:59:03,150 | connection.py:42 | ChannelConnectivity.IDLE
tensorflow-FedAdam-run | DEBUG flwr 2023-11-30 17:59:03,150 | connection.py:42 | ChannelConnectivity.TRANSIENT_FAILURE
tensorflow-FedAdam-run | DEBUG flwr 2023-11-30 17:59:03,372 | connection.py:139 | gRPC channel closed
tensorflow-FedAdam-run | INFO flwr 2023-11-30 17:59:13,385 | grpc.py:49 | Opened insecure gRPC connection (no certificates were passed)
tensorflow-FedAdam-run | INFO flwr 2023-11-30 17:59:13,385 | grpc.py:49 | Opened insecure gRPC connection (no certificates were passed)
tensorflow-FedAdam-run | DEBUG flwr 2023-11-30 17:59:13,413 | connection.py:42 | ChannelConnectivity.IDLE
tensorflow-FedAdam-run | DEBUG flwr 2023-11-30 17:59:13,413 | connection.py:42 | ChannelConnectivity.IDLE
tensorflow-FedAdam-run | DEBUG flwr 2023-11-30 17:59:13,416 | connection.py:42 | ChannelConnectivity.READY
tensorflow-FedAdam-run | DEBUG flwr 2023-11-30 17:59:13,416 | connection.py:42 | ChannelConnectivity.READY
tensorflow-FedAdam-run | INFO flwr 2023-11-30 18:02:06,552 | client.py:82 | Instance i-0627884eb34d1fd16 : CPU usage history during fit() : {'timestamp': datetime.datetime(2023, 11, 30, 18, 2, 6, 551906), 'cpu_utilization': 61.1}
tensorflow-FedAdam-run | INFO flwr 2023-11-30 18:02:06,552 | client.py:82 | Instance i-0627884eb34d1fd16 : CPU usage history during fit() : {'timestamp': datetime.datetime(2023, 11, 30, 18, 2, 6, 551906), 'cpu_utilization': 61.1}
tensorflow-FedAdam-run | INFO flwr 2023-11-30 18:03:11,868 | client.py:104 | Instance i-0627884eb34d1fd16 : CPU usage history during evaluate() : {'timestamp': datetime.datetime(2023, 11, 30, 18, 3, 11, 867520), 'cpu_utilization': 98.5}
tensorflow-FedAdam-run | INFO flwr 2023-11-30 18:03:11,868 | client.py:104 | Instance i-0627884eb34d1fd16 : CPU usage history during evaluate() : {'timestamp': datetime.datetime(2023, 11, 30, 18, 3, 11, 867520), 'cpu_utilization': 98.5}
tensorflow-FedAdam-run | INFO flwr 2023-11-30 18:05:53,457 | client.py:82 | Instance i-0627884eb34d1fd16 : CPU usage history during fit() : {'timestamp': datetime.datetime(2023, 11, 30, 18, 5, 53, 456832), 'cpu_utilization': 60.8}
tensorflow-FedAdam-run | INFO flwr 2023-11-30 18:05:53,457 | client.py:82 | Instance i-0627884eb34d1fd16 : CPU usage history during fit() : {'timestamp': datetime.datetime(2023, 11, 30, 18, 5, 53, 456832), 'cpu_utilization': 60.8}
tensorflow-FedAdam-run | INFO flwr 2023-11-30 18:06:58,519 | client.py:104 | Instance i-0627884eb34d1fd16 : CPU usage history during evaluate() : {'timestamp': datetime.datetime(2023, 11, 30, 18, 6, 58, 518938), 'cpu_utilization': 53.5}
tensorflow-FedAdam-run | INFO flwr 2023-11-30 18:06:58,519 | client.py:104 | Instance i-0627884eb34d1fd16 : CPU usage history during evaluate() : {'timestamp': datetime.datetime(2023, 11, 30, 18, 6, 58, 518938), 'cpu_utilization': 53.5}
tensorflow-FedAdam-run | INFO flwr 2023-11-30 18:09:21,861 | client.py:82 | Instance i-0627884eb34d1fd16 : CPU usage history during fit() : {'timestamp': datetime.datetime(2023, 11, 30, 18, 9, 21, 861053), 'cpu_utilization': 60.6}
tensorflow-FedAdam-run | INFO flwr 2023-11-30 18:09:21,861 | client.py:82 | Instance i-0627884eb34d1fd16 : CPU usage history during fit() : {'timestamp': datetime.datetime(2023, 11, 30, 18, 9, 21, 861053), 'cpu_utilization': 60.6}
tensorflow-FedAdam-run | INFO flwr 2023-11-30 18:10:08,209 | client.py:104 | Instance i-0627884eb34d1fd16 : CPU usage history during evaluate() : {'timestamp': datetime.datetime(2023, 11, 30, 18, 10, 8, 209080), 'cpu_utilization': 98.4}
tensorflow-FedAdam-run | INFO flwr 2023-11-30 18:10:08,209 | client.py:104 | Instance i-0627884eb34d1fd16 : CPU usage history during evaluate() : {'timestamp': datetime.datetime(2023, 11, 30, 18, 10, 8, 209080), 'cpu_utilization': 98.4}
tensorflow-FedAdam-run | INFO flwr 2023-11-30 18:12:06,074 | client.py:82 | Instance i-0627884eb34d1fd16 : CPU usage history during fit() : {'timestamp': datetime.datetime(2023, 11, 30, 18, 12, 6, 74192), 'cpu_utilization': 86.0}
tensorflow-FedAdam-run | INFO flwr 2023-11-30 18:12:06,074 | client.py:82 | Instance i-0627884eb34d1fd16 : CPU usage history during fit() : {'timestamp': datetime.datetime(2023, 11, 30, 18, 12, 6, 74192), 'cpu_utilization': 86.0}
tensorflow-FedAdam-run | INFO flwr 2023-11-30 18:13:53,923 | client.py:104 | Instance i-0627884eb34d1fd16 : CPU usage history during evaluate() : {'timestamp': datetime.datetime(2023, 11, 30, 18, 13, 53, 923517), 'cpu_utilization': 98.4}
tensorflow-FedAdam-run | INFO flwr 2023-11-30 18:13:53,923 | client.py:104 | Instance i-0627884eb34d1fd16 : CPU usage history during evaluate() : {'timestamp': datetime.datetime(2023, 11, 30, 18, 13, 53, 923517), 'cpu_utilization': 98.4}
tensorflow-FedAdam-run | INFO flwr 2023-11-30 18:15:51,699 | client.py:82 | Instance i-0627884eb34d1fd16 : CPU usage history during fit() : {'timestamp': datetime.datetime(2023, 11, 30, 18, 15, 51, 699642), 'cpu_utilization': 85.9}
tensorflow-FedAdam-run | INFO flwr 2023-11-30 18:15:51,699 | client.py:82 | Instance i-0627884eb34d1fd16 : CPU usage history during fit() : {'timestamp': datetime.datetime(2023, 11, 30, 18, 15, 51, 699642), 'cpu_utilization': 85.9}
tensorflow-FedAdam-run | INFO flwr 2023-11-30 18:17:58,995 | client.py:104 | Instance i-0627884eb34d1fd16 : CPU usage history during evaluate() : {'timestamp': datetime.datetime(2023, 11, 30, 18, 17, 58, 995334), 'cpu_utilization': 52.4}
tensorflow-FedAdam-run | INFO flwr 2023-11-30 18:17:58,995 | client.py:104 | Instance i-0627884eb34d1fd16 : CPU usage history during evaluate() : {'timestamp': datetime.datetime(2023, 11, 30, 18, 17, 58, 995334), 'cpu_utilization': 52.4}
tensorflow-FedAdam-run | INFO flwr 2023-11-30 18:20:22,354 | client.py:82 | Instance i-0627884eb34d1fd16 : CPU usage history during fit() : {'timestamp': datetime.datetime(2023, 11, 30, 18, 20, 22, 354010), 'cpu_utilization': 59.4}
tensorflow-FedAdam-run | INFO flwr 2023-11-30 18:20:22,354 | client.py:82 | Instance i-0627884eb34d1fd16 : CPU usage history during fit() : {'timestamp': datetime.datetime(2023, 11, 30, 18, 20, 22, 354010), 'cpu_utilization': 59.4}
tensorflow-FedAdam-run | INFO flwr 2023-11-30 18:21:27,074 | client.py:104 | Instance i-0627884eb34d1fd16 : CPU usage history during evaluate() : {'timestamp': datetime.datetime(2023, 11, 30, 18, 21, 27, 73592), 'cpu_utilization': 98.5}
tensorflow-FedAdam-run | INFO flwr 2023-11-30 18:21:27,074 | client.py:104 | Instance i-0627884eb34d1fd16 : CPU usage history during evaluate() : {'timestamp': datetime.datetime(2023, 11, 30, 18, 21, 27, 73592), 'cpu_utilization': 98.5}
tensorflow-FedAdam-run | INFO flwr 2023-11-30 18:23:50,442 | client.py:82 | Instance i-0627884eb34d1fd16 : CPU usage history during fit() : {'timestamp': datetime.datetime(2023, 11, 30, 18, 23, 50, 442523), 'cpu_utilization': 59.3}
tensorflow-FedAdam-run | INFO flwr 2023-11-30 18:23:50,442 | client.py:82 | Instance i-0627884eb34d1fd16 : CPU usage history during fit() : {'timestamp': datetime.datetime(2023, 11, 30, 18, 23, 50, 442523), 'cpu_utilization': 59.3}
tensorflow-FedAdam-run | INFO flwr 2023-11-30 18:24:36,606 | client.py:104 | Instance i-0627884eb34d1fd16 : CPU usage history during evaluate() : {'timestamp': datetime.datetime(2023, 11, 30, 18, 24, 36, 606514), 'cpu_utilization': 98.4}
tensorflow-FedAdam-run | INFO flwr 2023-11-30 18:24:36,606 | client.py:104 | Instance i-0627884eb34d1fd16 : CPU usage history during evaluate() : {'timestamp': datetime.datetime(2023, 11, 30, 18, 24, 36, 606514), 'cpu_utilization': 98.4}
tensorflow-FedAdam-run | INFO flwr 2023-11-30 18:26:59,961 | client.py:82 | Instance i-0627884eb34d1fd16 : CPU usage history during fit() : {'timestamp': datetime.datetime(2023, 11, 30, 18, 26, 59, 961379), 'cpu_utilization': 59.3}
tensorflow-FedAdam-run | INFO flwr 2023-11-30 18:26:59,961 | client.py:82 | Instance i-0627884eb34d1fd16 : CPU usage history during fit() : {'timestamp': datetime.datetime(2023, 11, 30, 18, 26, 59, 961379), 'cpu_utilization': 59.3}
tensorflow-FedAdam-run | INFO flwr 2023-11-30 18:28:23,873 | client.py:104 | Instance i-0627884eb34d1fd16 : CPU usage history during evaluate() : {'timestamp': datetime.datetime(2023, 11, 30, 18, 28, 23, 873427), 'cpu_utilization': 52.4}
tensorflow-FedAdam-run | INFO flwr 2023-11-30 18:28:23,873 | client.py:104 | Instance i-0627884eb34d1fd16 : CPU usage history during evaluate() : {'timestamp': datetime.datetime(2023, 11, 30, 18, 28, 23, 873427), 'cpu_utilization': 52.4}
tensorflow-FedAdam-run | INFO flwr 2023-11-30 18:30:03,198 | client.py:82 | Instance i-0627884eb34d1fd16 : CPU usage history during fit() : {'timestamp': datetime.datetime(2023, 11, 30, 18, 30, 3, 197945), 'cpu_utilization': 85.9}
tensorflow-FedAdam-run | INFO flwr 2023-11-30 18:30:03,198 | client.py:82 | Instance i-0627884eb34d1fd16 : CPU usage history during fit() : {'timestamp': datetime.datetime(2023, 11, 30, 18, 30, 3, 197945), 'cpu_utilization': 85.9}
tensorflow-FedAdam-run | INFO flwr 2023-11-30 18:31:51,745 | client.py:104 | Instance i-0627884eb34d1fd16 : CPU usage history during evaluate() : {'timestamp': datetime.datetime(2023, 11, 30, 18, 31, 51, 736233), 'cpu_utilization': 52.6}
tensorflow-FedAdam-run | INFO flwr 2023-11-30 18:31:51,745 | client.py:104 | Instance i-0627884eb34d1fd16 : CPU usage history during evaluate() : {'timestamp': datetime.datetime(2023, 11, 30, 18, 31, 51, 736233), 'cpu_utilization': 52.6}
tensorflow-FedAdam-run | INFO flwr 2023-11-30 18:33:30,957 | client.py:82 | Instance i-0627884eb34d1fd16 : CPU usage history during fit() : {'timestamp': datetime.datetime(2023, 11, 30, 18, 33, 30, 957046), 'cpu_utilization': 86.0}
tensorflow-FedAdam-run | INFO flwr 2023-11-30 18:33:30,957 | client.py:82 | Instance i-0627884eb34d1fd16 : CPU usage history during fit() : {'timestamp': datetime.datetime(2023, 11, 30, 18, 33, 30, 957046), 'cpu_utilization': 86.0}
tensorflow-FedAdam-run | INFO flwr 2023-11-30 18:35:00,505 | client.py:104 | Instance i-0627884eb34d1fd16 : CPU usage history during evaluate() : {'timestamp': datetime.datetime(2023, 11, 30, 18, 35, 0, 505488), 'cpu_utilization': 98.6}
tensorflow-FedAdam-run | INFO flwr 2023-11-30 18:35:00,505 | client.py:104 | Instance i-0627884eb34d1fd16 : CPU usage history during evaluate() : {'timestamp': datetime.datetime(2023, 11, 30, 18, 35, 0, 505488), 'cpu_utilization': 98.6}
tensorflow-FedAdam-run | DEBUG flwr 2023-11-30 18:35:20,321 | connection.py:139 | gRPC channel closed
tensorflow-FedAdam-run | DEBUG flwr 2023-11-30 18:35:20,321 | connection.py:139 | gRPC channel closed
tensorflow-FedAdam-run | INFO flwr 2023-11-30 18:35:20,321 | app.py:215 | Disconnect and shut down
tensorflow-FedAdam-run | INFO flwr 2023-11-30 18:35:20,321 | app.py:215 | Disconnect and shut down
