tensorflow-FedAdam-run | INFO flwr 2023-11-30 17:59:03,172 | app.py:162 | Starting Flower server, config: ServerConfig(num_rounds=10, round_timeout=None)
tensorflow-FedAdam-run | INFO flwr 2023-11-30 17:59:03,174 | app.py:175 | Flower ECE: gRPC server running (10 rounds), SSL is disabled
tensorflow-FedAdam-run | INFO flwr 2023-11-30 17:59:03,175 | server.py:89 | Initializing global parameters
tensorflow-FedAdam-run | INFO flwr 2023-11-30 17:59:03,175 | server.py:272 | Using initial parameters provided by strategy
tensorflow-FedAdam-run | INFO flwr 2023-11-30 17:59:03,175 | server.py:91 | Evaluating initial parameters
tensorflow-FedAdam-run | INFO flwr 2023-11-30 17:59:44,436 | server.py:94 | initial parameters (loss, other metrics): 2.308896541595459, {'accuracy': 0.5601307153701782}
tensorflow-FedAdam-run | INFO flwr 2023-11-30 17:59:44,436 | server.py:104 | FL starting
tensorflow-FedAdam-run | DEBUG flwr 2023-11-30 17:59:44,436 | server.py:222 | fit_round 1: strategy sampled 2 clients (out of 2)
tensorflow-FedAdam-run | DEBUG flwr 2023-11-30 18:02:08,056 | server.py:236 | fit_round 1 received 2 results and 0 failures
tensorflow-FedAdam-run | WARNING flwr 2023-11-30 18:02:08,132 | fedavg.py:242 | No fit_metrics_aggregation_fn provided
tensorflow-FedAdam-run | INFO flwr 2023-11-30 18:02:49,428 | server.py:125 | fit progress: (1, 65499.2734375, {'accuracy': 0.5461111068725586}, 184.9921107780001)
tensorflow-FedAdam-run | DEBUG flwr 2023-11-30 18:02:49,429 | server.py:173 | evaluate_round 1: strategy sampled 2 clients (out of 2)
tensorflow-FedAdam-run | DEBUG flwr 2023-11-30 18:03:31,363 | server.py:187 | evaluate_round 1 received 2 results and 0 failures
tensorflow-FedAdam-run | WARNING flwr 2023-11-30 18:03:31,363 | fedavg.py:273 | No evaluate_metrics_aggregation_fn provided
tensorflow-FedAdam-run | DEBUG flwr 2023-11-30 18:03:31,363 | server.py:222 | fit_round 2: strategy sampled 2 clients (out of 2)
tensorflow-FedAdam-run | DEBUG flwr 2023-11-30 18:05:54,939 | server.py:236 | fit_round 2 received 2 results and 0 failures
tensorflow-FedAdam-run | INFO flwr 2023-11-30 18:06:17,345 | server.py:125 | fit progress: (2, 5504.22412109375, {'accuracy': 0.5346836447715759}, 392.9085219690005)
tensorflow-FedAdam-run | DEBUG flwr 2023-11-30 18:06:17,345 | server.py:173 | evaluate_round 2: strategy sampled 2 clients (out of 2)
tensorflow-FedAdam-run | DEBUG flwr 2023-11-30 18:06:59,745 | server.py:187 | evaluate_round 2 received 2 results and 0 failures
tensorflow-FedAdam-run | DEBUG flwr 2023-11-30 18:06:59,745 | server.py:222 | fit_round 3: strategy sampled 2 clients (out of 2)
tensorflow-FedAdam-run | DEBUG flwr 2023-11-30 18:09:23,198 | server.py:236 | fit_round 3 received 2 results and 0 failures
tensorflow-FedAdam-run | INFO flwr 2023-11-30 18:09:45,709 | server.py:125 | fit progress: (3, 11.586165428161621, {'accuracy': 0.5236111283302307}, 601.273147375)
tensorflow-FedAdam-run | DEBUG flwr 2023-11-30 18:09:45,714 | server.py:173 | evaluate_round 3: strategy sampled 2 clients (out of 2)
tensorflow-FedAdam-run | DEBUG flwr 2023-11-30 18:10:27,598 | server.py:187 | evaluate_round 3 received 2 results and 0 failures
tensorflow-FedAdam-run | DEBUG flwr 2023-11-30 18:10:27,598 | server.py:222 | fit_round 4: strategy sampled 2 clients (out of 2)
tensorflow-FedAdam-run | DEBUG flwr 2023-11-30 18:12:50,527 | server.py:236 | fit_round 4 received 2 results and 0 failures
tensorflow-FedAdam-run | INFO flwr 2023-11-30 18:13:31,832 | server.py:125 | fit progress: (4, 37.45285415649414, {'accuracy': 0.5133771896362305}, 827.3955530090007)
tensorflow-FedAdam-run | DEBUG flwr 2023-11-30 18:13:31,832 | server.py:173 | evaluate_round 4: strategy sampled 2 clients (out of 2)
tensorflow-FedAdam-run | DEBUG flwr 2023-11-30 18:14:13,695 | server.py:187 | evaluate_round 4 received 2 results and 0 failures
tensorflow-FedAdam-run | DEBUG flwr 2023-11-30 18:14:13,695 | server.py:222 | fit_round 5: strategy sampled 2 clients (out of 2)
tensorflow-FedAdam-run | DEBUG flwr 2023-11-30 18:16:36,560 | server.py:236 | fit_round 5 received 2 results and 0 failures
tensorflow-FedAdam-run | INFO flwr 2023-11-30 18:17:17,874 | server.py:125 | fit progress: (5, 30.88770294189453, {'accuracy': 0.5071937441825867}, 1053.437182275)
tensorflow-FedAdam-run | DEBUG flwr 2023-11-30 18:17:17,874 | server.py:173 | evaluate_round 5: strategy sampled 2 clients (out of 2)
tensorflow-FedAdam-run | DEBUG flwr 2023-11-30 18:18:00,225 | server.py:187 | evaluate_round 5 received 2 results and 0 failures
tensorflow-FedAdam-run | DEBUG flwr 2023-11-30 18:18:00,226 | server.py:222 | fit_round 6: strategy sampled 2 clients (out of 2)
tensorflow-FedAdam-run | DEBUG flwr 2023-11-30 18:20:23,738 | server.py:236 | fit_round 6 received 2 results and 0 failures
tensorflow-FedAdam-run | INFO flwr 2023-11-30 18:21:05,064 | server.py:125 | fit progress: (6, 2.1649420261383057, {'accuracy': 0.4998264014720917}, 1280.6280262770006)
tensorflow-FedAdam-run | DEBUG flwr 2023-11-30 18:21:05,065 | server.py:173 | evaluate_round 6: strategy sampled 2 clients (out of 2)
tensorflow-FedAdam-run | DEBUG flwr 2023-11-30 18:21:28,389 | server.py:187 | evaluate_round 6 received 2 results and 0 failures
tensorflow-FedAdam-run | DEBUG flwr 2023-11-30 18:21:28,390 | server.py:222 | fit_round 7: strategy sampled 2 clients (out of 2)
tensorflow-FedAdam-run | DEBUG flwr 2023-11-30 18:23:51,826 | server.py:236 | fit_round 7 received 2 results and 0 failures
tensorflow-FedAdam-run | INFO flwr 2023-11-30 18:24:14,348 | server.py:125 | fit progress: (7, 2.148559331893921, {'accuracy': 0.4928184151649475}, 1469.9116550990002)
tensorflow-FedAdam-run | DEBUG flwr 2023-11-30 18:24:14,348 | server.py:173 | evaluate_round 7: strategy sampled 2 clients (out of 2)
tensorflow-FedAdam-run | DEBUG flwr 2023-11-30 18:24:37,870 | server.py:187 | evaluate_round 7 received 2 results and 0 failures
tensorflow-FedAdam-run | DEBUG flwr 2023-11-30 18:24:37,870 | server.py:222 | fit_round 8: strategy sampled 2 clients (out of 2)
tensorflow-FedAdam-run | DEBUG flwr 2023-11-30 18:27:01,400 | server.py:236 | fit_round 8 received 2 results and 0 failures
tensorflow-FedAdam-run | INFO flwr 2023-11-30 18:27:42,745 | server.py:125 | fit progress: (8, 2.089570999145508, {'accuracy': 0.48614418506622314}, 1678.308652521001)
tensorflow-FedAdam-run | DEBUG flwr 2023-11-30 18:27:42,745 | server.py:173 | evaluate_round 8: strategy sampled 2 clients (out of 2)
tensorflow-FedAdam-run | DEBUG flwr 2023-11-30 18:28:25,100 | server.py:187 | evaluate_round 8 received 2 results and 0 failures
tensorflow-FedAdam-run | DEBUG flwr 2023-11-30 18:28:25,101 | server.py:222 | fit_round 9: strategy sampled 2 clients (out of 2)
tensorflow-FedAdam-run | DEBUG flwr 2023-11-30 18:30:48,060 | server.py:236 | fit_round 9 received 2 results and 0 failures
tensorflow-FedAdam-run | INFO flwr 2023-11-30 18:31:10,566 | server.py:125 | fit progress: (9, 2.0831241607666016, {'accuracy': 0.479780375957489}, 1886.1295264379996)
tensorflow-FedAdam-run | DEBUG flwr 2023-11-30 18:31:10,566 | server.py:173 | evaluate_round 9: strategy sampled 2 clients (out of 2)
tensorflow-FedAdam-run | DEBUG flwr 2023-11-30 18:31:53,024 | server.py:187 | evaluate_round 9 received 2 results and 0 failures
tensorflow-FedAdam-run | DEBUG flwr 2023-11-30 18:31:53,025 | server.py:222 | fit_round 10: strategy sampled 2 clients (out of 2)
tensorflow-FedAdam-run | DEBUG flwr 2023-11-30 18:34:16,016 | server.py:236 | fit_round 10 received 2 results and 0 failures
tensorflow-FedAdam-run | INFO flwr 2023-11-30 18:34:38,477 | server.py:125 | fit progress: (10, 2.1125619411468506, {'accuracy': 0.47370579838752747}, 2094.0411713950007)
tensorflow-FedAdam-run | DEBUG flwr 2023-11-30 18:34:38,480 | server.py:173 | evaluate_round 10: strategy sampled 2 clients (out of 2)
tensorflow-FedAdam-run | DEBUG flwr 2023-11-30 18:35:20,301 | server.py:187 | evaluate_round 10 received 2 results and 0 failures
tensorflow-FedAdam-run | INFO flwr 2023-11-30 18:35:20,301 | server.py:153 | FL finished in 2135.8651187269998
tensorflow-FedAdam-run | INFO flwr 2023-11-30 18:35:20,302 | app.py:225 | app_fit: losses_distributed [(1, 65499.2734375), (2, 5504.22412109375), (3, 11.586165428161621), (4, 37.45285415649414), (5, 30.88770294189453), (6, 2.1649420261383057), (7, 2.148559331893921), (8, 2.089570999145508), (9, 2.0831241607666016), (10, 2.1125619411468506)]
tensorflow-FedAdam-run | INFO flwr 2023-11-30 18:35:20,304 | app.py:226 | app_fit: metrics_distributed_fit {}
tensorflow-FedAdam-run | INFO flwr 2023-11-30 18:35:20,304 | app.py:227 | app_fit: metrics_distributed {}
tensorflow-FedAdam-run | INFO flwr 2023-11-30 18:35:20,304 | app.py:228 | app_fit: losses_centralized [(0, 2.308896541595459), (1, 65499.2734375), (2, 5504.22412109375), (3, 11.586165428161621), (4, 37.45285415649414), (5, 30.88770294189453), (6, 2.1649420261383057), (7, 2.148559331893921), (8, 2.089570999145508), (9, 2.0831241607666016), (10, 2.1125619411468506)]
tensorflow-FedAdam-run | INFO flwr 2023-11-30 18:35:20,305 | app.py:229 | app_fit: metrics_centralized {'accuracy': [(0, 0.5601307153701782), (1, 0.5461111068725586), (2, 0.5346836447715759), (3, 0.5236111283302307), (4, 0.5133771896362305), (5, 0.5071937441825867), (6, 0.4998264014720917), (7, 0.4928184151649475), (8, 0.48614418506622314), (9, 0.479780375957489), (10, 0.47370579838752747)]}
