jax-FedAvgM-run | INFO flwr 2023-11-26 13:27:47,840 | grpc.py:49 | Opened insecure gRPC connection (no certificates were passed)
jax-FedAvgM-run | DEBUG flwr 2023-11-26 13:27:47,841 | connection.py:42 | ChannelConnectivity.IDLE
jax-FedAvgM-run | DEBUG flwr 2023-11-26 13:27:47,842 | connection.py:42 | ChannelConnectivity.CONNECTING
jax-FedAvgM-run | DEBUG flwr 2023-11-26 13:27:47,858 | connection.py:42 | ChannelConnectivity.TRANSIENT_FAILURE
jax-FedAvgM-run | DEBUG flwr 2023-11-26 13:27:48,061 | connection.py:139 | gRPC channel closed
jax-FedAvgM-run | INFO flwr 2023-11-26 13:27:58,073 | grpc.py:49 | Opened insecure gRPC connection (no certificates were passed)
jax-FedAvgM-run | INFO flwr 2023-11-26 13:27:58,073 | grpc.py:49 | Opened insecure gRPC connection (no certificates were passed)
jax-FedAvgM-run | DEBUG flwr 2023-11-26 13:27:58,098 | connection.py:42 | ChannelConnectivity.IDLE
jax-FedAvgM-run | DEBUG flwr 2023-11-26 13:27:58,098 | connection.py:42 | ChannelConnectivity.IDLE
jax-FedAvgM-run | DEBUG flwr 2023-11-26 13:27:58,099 | connection.py:42 | ChannelConnectivity.READY
jax-FedAvgM-run | DEBUG flwr 2023-11-26 13:27:58,099 | connection.py:42 | ChannelConnectivity.READY
jax-FedAvgM-run | INFO flwr 2023-11-26 13:28:59,946 | client.py:82 | Instance i-005c4e21e7c493564 : CPU usage history during fit() : {'timestamp': datetime.datetime(2023, 11, 26, 13, 28, 59, 946534), 'cpu_utilization': 87.1}
jax-FedAvgM-run | INFO flwr 2023-11-26 13:28:59,946 | client.py:82 | Instance i-005c4e21e7c493564 : CPU usage history during fit() : {'timestamp': datetime.datetime(2023, 11, 26, 13, 28, 59, 946534), 'cpu_utilization': 87.1}
jax-FedAvgM-run | INFO flwr 2023-11-26 13:30:15,104 | client.py:104 | Instance i-005c4e21e7c493564 : CPU usage history during evaluate() : {'timestamp': datetime.datetime(2023, 11, 26, 13, 30, 15, 104457), 'cpu_utilization': 76.1}
jax-FedAvgM-run | INFO flwr 2023-11-26 13:30:15,104 | client.py:104 | Instance i-005c4e21e7c493564 : CPU usage history during evaluate() : {'timestamp': datetime.datetime(2023, 11, 26, 13, 30, 15, 104457), 'cpu_utilization': 76.1}
jax-FedAvgM-run | INFO flwr 2023-11-26 13:31:06,005 | client.py:82 | Instance i-005c4e21e7c493564 : CPU usage history during fit() : {'timestamp': datetime.datetime(2023, 11, 26, 13, 31, 6, 5668), 'cpu_utilization': 87.1}
jax-FedAvgM-run | INFO flwr 2023-11-26 13:31:06,005 | client.py:82 | Instance i-005c4e21e7c493564 : CPU usage history during fit() : {'timestamp': datetime.datetime(2023, 11, 26, 13, 31, 6, 5668), 'cpu_utilization': 87.1}
jax-FedAvgM-run | INFO flwr 2023-11-26 13:32:40,214 | client.py:104 | Instance i-005c4e21e7c493564 : CPU usage history during evaluate() : {'timestamp': datetime.datetime(2023, 11, 26, 13, 32, 40, 214128), 'cpu_utilization': 76.5}
jax-FedAvgM-run | INFO flwr 2023-11-26 13:32:40,214 | client.py:104 | Instance i-005c4e21e7c493564 : CPU usage history during evaluate() : {'timestamp': datetime.datetime(2023, 11, 26, 13, 32, 40, 214128), 'cpu_utilization': 76.5}
jax-FedAvgM-run | INFO flwr 2023-11-26 13:33:30,962 | client.py:82 | Instance i-005c4e21e7c493564 : CPU usage history during fit() : {'timestamp': datetime.datetime(2023, 11, 26, 13, 33, 30, 962149), 'cpu_utilization': 87.1}
jax-FedAvgM-run | INFO flwr 2023-11-26 13:33:30,962 | client.py:82 | Instance i-005c4e21e7c493564 : CPU usage history during fit() : {'timestamp': datetime.datetime(2023, 11, 26, 13, 33, 30, 962149), 'cpu_utilization': 87.1}
jax-FedAvgM-run | INFO flwr 2023-11-26 13:35:05,413 | client.py:104 | Instance i-005c4e21e7c493564 : CPU usage history during evaluate() : {'timestamp': datetime.datetime(2023, 11, 26, 13, 35, 5, 413624), 'cpu_utilization': 76.4}
jax-FedAvgM-run | INFO flwr 2023-11-26 13:35:05,413 | client.py:104 | Instance i-005c4e21e7c493564 : CPU usage history during evaluate() : {'timestamp': datetime.datetime(2023, 11, 26, 13, 35, 5, 413624), 'cpu_utilization': 76.4}
jax-FedAvgM-run | INFO flwr 2023-11-26 13:35:56,057 | client.py:82 | Instance i-005c4e21e7c493564 : CPU usage history during fit() : {'timestamp': datetime.datetime(2023, 11, 26, 13, 35, 56, 57420), 'cpu_utilization': 87.1}
jax-FedAvgM-run | INFO flwr 2023-11-26 13:35:56,057 | client.py:82 | Instance i-005c4e21e7c493564 : CPU usage history during fit() : {'timestamp': datetime.datetime(2023, 11, 26, 13, 35, 56, 57420), 'cpu_utilization': 87.1}
jax-FedAvgM-run | INFO flwr 2023-11-26 13:37:01,658 | client.py:104 | Instance i-005c4e21e7c493564 : CPU usage history during evaluate() : {'timestamp': datetime.datetime(2023, 11, 26, 13, 37, 1, 657852), 'cpu_utilization': 99.2}
jax-FedAvgM-run | INFO flwr 2023-11-26 13:37:01,658 | client.py:104 | Instance i-005c4e21e7c493564 : CPU usage history during evaluate() : {'timestamp': datetime.datetime(2023, 11, 26, 13, 37, 1, 657852), 'cpu_utilization': 99.2}
jax-FedAvgM-run | INFO flwr 2023-11-26 13:38:02,269 | client.py:82 | Instance i-005c4e21e7c493564 : CPU usage history during fit() : {'timestamp': datetime.datetime(2023, 11, 26, 13, 38, 2, 269065), 'cpu_utilization': 87.0}
jax-FedAvgM-run | INFO flwr 2023-11-26 13:38:02,269 | client.py:82 | Instance i-005c4e21e7c493564 : CPU usage history during fit() : {'timestamp': datetime.datetime(2023, 11, 26, 13, 38, 2, 269065), 'cpu_utilization': 87.0}
jax-FedAvgM-run | INFO flwr 2023-11-26 13:39:27,093 | client.py:104 | Instance i-005c4e21e7c493564 : CPU usage history during evaluate() : {'timestamp': datetime.datetime(2023, 11, 26, 13, 39, 27, 93497), 'cpu_utilization': 99.1}
jax-FedAvgM-run | INFO flwr 2023-11-26 13:39:27,093 | client.py:104 | Instance i-005c4e21e7c493564 : CPU usage history during evaluate() : {'timestamp': datetime.datetime(2023, 11, 26, 13, 39, 27, 93497), 'cpu_utilization': 99.1}
jax-FedAvgM-run | INFO flwr 2023-11-26 13:40:27,020 | client.py:82 | Instance i-005c4e21e7c493564 : CPU usage history during fit() : {'timestamp': datetime.datetime(2023, 11, 26, 13, 40, 27, 20139), 'cpu_utilization': 87.1}
jax-FedAvgM-run | INFO flwr 2023-11-26 13:40:27,020 | client.py:82 | Instance i-005c4e21e7c493564 : CPU usage history during fit() : {'timestamp': datetime.datetime(2023, 11, 26, 13, 40, 27, 20139), 'cpu_utilization': 87.1}
jax-FedAvgM-run | INFO flwr 2023-11-26 13:41:41,612 | client.py:104 | Instance i-005c4e21e7c493564 : CPU usage history during evaluate() : {'timestamp': datetime.datetime(2023, 11, 26, 13, 41, 41, 611846), 'cpu_utilization': 76.3}
jax-FedAvgM-run | INFO flwr 2023-11-26 13:41:41,612 | client.py:104 | Instance i-005c4e21e7c493564 : CPU usage history during evaluate() : {'timestamp': datetime.datetime(2023, 11, 26, 13, 41, 41, 611846), 'cpu_utilization': 76.3}
jax-FedAvgM-run | INFO flwr 2023-11-26 13:42:32,570 | client.py:82 | Instance i-005c4e21e7c493564 : CPU usage history during fit() : {'timestamp': datetime.datetime(2023, 11, 26, 13, 42, 32, 570449), 'cpu_utilization': 87.1}
jax-FedAvgM-run | INFO flwr 2023-11-26 13:42:32,570 | client.py:82 | Instance i-005c4e21e7c493564 : CPU usage history during fit() : {'timestamp': datetime.datetime(2023, 11, 26, 13, 42, 32, 570449), 'cpu_utilization': 87.1}
jax-FedAvgM-run | INFO flwr 2023-11-26 13:44:06,691 | client.py:104 | Instance i-005c4e21e7c493564 : CPU usage history during evaluate() : {'timestamp': datetime.datetime(2023, 11, 26, 13, 44, 6, 691266), 'cpu_utilization': 76.4}
jax-FedAvgM-run | INFO flwr 2023-11-26 13:44:06,691 | client.py:104 | Instance i-005c4e21e7c493564 : CPU usage history during evaluate() : {'timestamp': datetime.datetime(2023, 11, 26, 13, 44, 6, 691266), 'cpu_utilization': 76.4}
jax-FedAvgM-run | INFO flwr 2023-11-26 13:44:57,371 | client.py:82 | Instance i-005c4e21e7c493564 : CPU usage history during fit() : {'timestamp': datetime.datetime(2023, 11, 26, 13, 44, 57, 371424), 'cpu_utilization': 87.1}
jax-FedAvgM-run | INFO flwr 2023-11-26 13:44:57,371 | client.py:82 | Instance i-005c4e21e7c493564 : CPU usage history during fit() : {'timestamp': datetime.datetime(2023, 11, 26, 13, 44, 57, 371424), 'cpu_utilization': 87.1}
jax-FedAvgM-run | INFO flwr 2023-11-26 13:46:12,089 | client.py:104 | Instance i-005c4e21e7c493564 : CPU usage history during evaluate() : {'timestamp': datetime.datetime(2023, 11, 26, 13, 46, 12, 89611), 'cpu_utilization': 76.4}
jax-FedAvgM-run | INFO flwr 2023-11-26 13:46:12,089 | client.py:104 | Instance i-005c4e21e7c493564 : CPU usage history during evaluate() : {'timestamp': datetime.datetime(2023, 11, 26, 13, 46, 12, 89611), 'cpu_utilization': 76.4}
jax-FedAvgM-run | INFO flwr 2023-11-26 13:47:02,821 | client.py:82 | Instance i-005c4e21e7c493564 : CPU usage history during fit() : {'timestamp': datetime.datetime(2023, 11, 26, 13, 47, 2, 821444), 'cpu_utilization': 87.0}
jax-FedAvgM-run | INFO flwr 2023-11-26 13:47:02,821 | client.py:82 | Instance i-005c4e21e7c493564 : CPU usage history during fit() : {'timestamp': datetime.datetime(2023, 11, 26, 13, 47, 2, 821444), 'cpu_utilization': 87.0}
jax-FedAvgM-run | INFO flwr 2023-11-26 13:48:36,680 | client.py:104 | Instance i-005c4e21e7c493564 : CPU usage history during evaluate() : {'timestamp': datetime.datetime(2023, 11, 26, 13, 48, 36, 680604), 'cpu_utilization': 76.6}
jax-FedAvgM-run | INFO flwr 2023-11-26 13:48:36,680 | client.py:104 | Instance i-005c4e21e7c493564 : CPU usage history during evaluate() : {'timestamp': datetime.datetime(2023, 11, 26, 13, 48, 36, 680604), 'cpu_utilization': 76.6}
jax-FedAvgM-run | INFO flwr 2023-11-26 13:49:27,534 | client.py:82 | Instance i-005c4e21e7c493564 : CPU usage history during fit() : {'timestamp': datetime.datetime(2023, 11, 26, 13, 49, 27, 534583), 'cpu_utilization': 87.0}
jax-FedAvgM-run | INFO flwr 2023-11-26 13:49:27,534 | client.py:82 | Instance i-005c4e21e7c493564 : CPU usage history during fit() : {'timestamp': datetime.datetime(2023, 11, 26, 13, 49, 27, 534583), 'cpu_utilization': 87.0}
jax-FedAvgM-run | INFO flwr 2023-11-26 13:50:33,067 | client.py:104 | Instance i-005c4e21e7c493564 : CPU usage history during evaluate() : {'timestamp': datetime.datetime(2023, 11, 26, 13, 50, 33, 67333), 'cpu_utilization': 99.0}
jax-FedAvgM-run | INFO flwr 2023-11-26 13:50:33,067 | client.py:104 | Instance i-005c4e21e7c493564 : CPU usage history during evaluate() : {'timestamp': datetime.datetime(2023, 11, 26, 13, 50, 33, 67333), 'cpu_utilization': 99.0}
jax-FedAvgM-run | DEBUG flwr 2023-11-26 13:50:43,885 | connection.py:139 | gRPC channel closed
jax-FedAvgM-run | DEBUG flwr 2023-11-26 13:50:43,885 | connection.py:139 | gRPC channel closed
jax-FedAvgM-run | INFO flwr 2023-11-26 13:50:43,890 | app.py:215 | Disconnect and shut down
jax-FedAvgM-run | INFO flwr 2023-11-26 13:50:43,890 | app.py:215 | Disconnect and shut down
